C51 COMPILER V9.59.0.0   MAIN1                                                             11/02/2023 18:56:01 PAGE 1   


C51 COMPILER V9.59.0.0, COMPILATION OF MODULE MAIN1
OBJECT MODULE PLACED IN .\Objects\main1.obj
COMPILER INVOKED BY: D:\Keil_v5\C51\BIN\C51.EXE main1.c OPTIMIZE(8,SPEED) BROWSE DEBUG OBJECTEXTEND PRINT(.\Listings\mai
                    -n1.lst) OBJECT(.\Objects\main1.obj)

line level    source

   1          #include <REGX51.H>
   2          #include "Timer0_Init.h"
   3          #include "nixie.h"
   4          #include "delay.h"
   5          
   6          unsigned char s_g,s_s,f;       
   7          unsigned char s=24;                  //，秒，分
   8          
   9          void main ()
  10          {
  11   1              Timer0_Init();
  12   1          while(1)
  13   1              {
  14   2                  nixie(7,17);         //分隔符
  15   2                      nixie(4,17);         //分隔符
  16   2                      
  17   2                      nixie(5,s_g);        //显示s个位
  18   2                      nixie(6,s_s);        //显示s十位
  19   2              }
  20   1      }
  21          
  22          void Timer0_Routine () interrupt 1
  23          {
  24   1              static unsigned int T0count;     //静态局部变量，保证不会被重新赋值
  25   1      
  26   1              TL0 = 0x66;                                      //确保中断时间不变
  27   1              TH0 = 0xFC;     
  28   1              T0count++;
  29   1              if(T0count == 1000)               
  30   1              {
  31   2                      T0count=0;
  32   2                      s--;
  33   2                      if(s==0) s=24;
  34   2                      s_g=s%10;
  35   2                      s_s=s/10;
  36   2              }
  37   1      }
  38          


MODULE INFORMATION:   STATIC OVERLAYABLE
   CODE SIZE        =    110    ----
   CONSTANT SIZE    =   ----    ----
   XDATA SIZE       =   ----    ----
   PDATA SIZE       =   ----    ----
   DATA SIZE        =      6    ----
   IDATA SIZE       =   ----    ----
   BIT SIZE         =   ----    ----
END OF MODULE INFORMATION.


C51 COMPILATION COMPLETE.  0 WARNING(S),  0 ERROR(S)
