C51 COMPILER V9.59.0.0   MAIN                                                              11/02/2023 18:53:58 PAGE 1   


C51 COMPILER V9.59.0.0, COMPILATION OF MODULE MAIN
OBJECT MODULE PLACED IN .\Objects\main.obj
COMPILER INVOKED BY: D:\Keil_v5\C51\BIN\C51.EXE main.c OPTIMIZE(8,SPEED) BROWSE DEBUG OBJECTEXTEND PRINT(.\Listings\main
                    -.lst) OBJECT(.\Objects\main.obj)

line level    source

   1          //#include <REGX51.H>
   2          //#include "Timer0_Init.h"
   3          //#include "nixie.h"
   4          //#include "delay.h"
   5          
   6          //unsigned char ms_g,ms_s,ms_b,s_g,s_s,f;       
   7          //unsigned char s=1,f=2;                  //，秒，分
   8          //unsigned int ms=159;                    //毫秒
   9          //void main ()
  10          //{
  11          //      Timer0_Init();
  12          //    while(1)
  13          //      {
  14          //          nixie(7,17);         //分隔符
  15          //              nixie(4,17);         //分隔符
  16          //              
  17          //              nixie(1,ms_g);       //显示ms个位
  18          //              nixie(2,ms_s);       //显示ms十位
  19          //              nixie(3,ms_b);       //显示ms百位
  20          //              nixie(5,s_g);        //显示s个位
  21          //              nixie(6,s_s);        //显示s十位
  22          //              nixie(8,f);          //显示分
  23          //      }
  24          //}
  25          
  26          //void Timer0_Routine () interrupt 1
  27          //{
  28          //      static unsigned int T0count;     //静态局部变量，保证不会被重新赋值
  29          
  30          //      TL0 = 0x66;                                      //确保中断时间不变
  31          //      TH0 = 0xFC;     
  32          //      T0count++;
  33          //      if(T0count == 10)               //1ms计数加一
  34          //      {
  35          //              T0count=0;
  36          //              ms++;
  37          //              if(ms==999)                  //毫秒 1000进位加一
  38          //              {
  39          //                      ms=0;
  40          //                      s++;
  41          //                      if(s==59)                //秒 60位加一
  42          //                      {
  43          //                              s=0;
  44          //                              f++;
  45          //                              if(f==9)             //分到九清零
  46          //                              {
  47          //                                      f=0;
  48          //                                      ms=0;
  49          //                                      s=0;
  50          //                              }
  51          //                      }
  52          //              }
  53          //              ms_g=ms%10;
  54          //              ms_s=ms%100/10;
C51 COMPILER V9.59.0.0   MAIN                                                              11/02/2023 18:53:58 PAGE 2   

  55          //              ms_b=ms/100;
  56          //              s_g=s%10;
  57          //              s_s=s/10;
  58          //      }
  59          //}
  60          


MODULE INFORMATION:   STATIC OVERLAYABLE
   CODE SIZE        =   ----    ----
   CONSTANT SIZE    =   ----    ----
   XDATA SIZE       =   ----    ----
   PDATA SIZE       =   ----    ----
   DATA SIZE        =   ----    ----
   IDATA SIZE       =   ----    ----
   BIT SIZE         =   ----    ----
END OF MODULE INFORMATION.


C51 COMPILATION COMPLETE.  0 WARNING(S),  0 ERROR(S)
