C51 COMPILER V9.59.0.0   I2C                                                               04/09/2023 13:57:21 PAGE 1   


C51 COMPILER V9.59.0.0, COMPILATION OF MODULE I2C
OBJECT MODULE PLACED IN .\Objects\I2C.obj
COMPILER INVOKED BY: D:\Keil_v5\C51\BIN\C51.EXE I2C.c OPTIMIZE(8,SPEED) BROWSE DEBUG OBJECTEXTEND PRINT(.\Listings\I2C.l
                    -st) OBJECT(.\Objects\I2C.obj)

line level    source

   1          #include <REGX51.H>
   2          
   3          sbit I2C_SCL = P2^1;
   4          sbit I2C_SDA = P2^0;
   5          
   6          
   7          /**
   8            * @brief  I2C开始
   9            * @param  无
  10            * @retval 无
  11            */
  12          void I2C_Start(void) 
  13          {
  14   1              I2C_SCL=1;
  15   1              I2C_SDA=1;
  16   1              I2C_SDA=0;
  17   1              I2C_SCL=0;//和后面的发送阶段进行衔接
  18   1      }
  19          
  20          
  21          /**
  22            * @brief  I2C结束
  23            * @param  无
  24            * @retval 无
  25            */
  26          void I2C_Stop(void)
  27          {
  28   1              I2C_SDA=0;
  29   1              I2C_SCL=1;//置1表示断开，此时对电路无影响
  30   1              I2C_SDA=1;//结束时要释放
  31   1      }
  32          
  33          
  34          /**
  35            * @brief  I2C发送一个字节
  36            * @param  Byte，要发送的字节数据
  37            * @retval 无
  38            */
  39          void I2C_SendByte(unsigned char Byte)
  40          {
  41   1              unsigned char i;
  42   1              for(i=0;i<8;i++)
  43   1              {
  44   2                      I2C_SDA=Byte&(0x80>>i);
  45   2                      I2C_SCL=1;//指令周期大于数据上传周期
  46   2                      I2C_SCL=0;
  47   2              }
  48   1      }
  49          
  50          
  51          /**
  52            * @brief  I2C接收一个字节
  53            * @param  无
  54            * @retval Byte，接收到的字节值
C51 COMPILER V9.59.0.0   I2C                                                               04/09/2023 13:57:21 PAGE 2   

  55            */
  56          unsigned char I2C_ReceiveByte(void)
  57          {
  58   1              unsigned char i,Byte=0x00;
  59   1              I2C_SDA=1;//接收前预处理，释放SDA
  60   1              for(i=0;i<8;i++)
  61   1              {
  62   2                      I2C_SCL=1;
  63   2                      if(I2C_SDA){Byte|=(0x80>>i);}   
  64   2                      I2C_SCL=0;
  65   2              }
  66   1              return Byte;
  67   1      }
  68          
  69          
  70          /**
  71            * @brief  I2C发送应答，0为应答，1为非应答 
  72            * @param  ACKBit，要发送的应答位
  73            * @retval 无
  74            */
  75          void I2C_SendACK(unsigned char ACKBit)
  76          {
  77   1              I2C_SDA=ACKBit;
  78   1              I2C_SCL=1;
  79   1              I2C_SCL=0;
  80   1      }
  81          
  82          
  83          /**
  84            * @brief  I2C接收应答（0/1）
  85            * @param  无
  86            * @retval ACKBit，接收到的应答位
  87            */
  88          unsigned char I2C_ReceiveACK(void)
  89          {
  90   1              unsigned char ACKBit;
  91   1              I2C_SDA=1;//接收前释放SDA
  92   1              I2C_SCL=1;
  93   1              ACKBit=I2C_SDA;//将接收到的应答值赋给ACKBit
  94   1              I2C_SCL=0;
  95   1              return ACKBit;
  96   1      }
  97          
  98          
  99          
 100          
 101          


MODULE INFORMATION:   STATIC OVERLAYABLE
   CODE SIZE        =    127    ----
   CONSTANT SIZE    =   ----    ----
   XDATA SIZE       =   ----    ----
   PDATA SIZE       =   ----    ----
   DATA SIZE        =   ----    ----
   IDATA SIZE       =   ----    ----
   BIT SIZE         =   ----    ----
END OF MODULE INFORMATION.


C51 COMPILATION COMPLETE.  0 WARNING(S),  0 ERROR(S)
