C51 COMPILER V9.59.0.0   MAIN                                                              12/10/2023 15:36:44 PAGE 1   


C51 COMPILER V9.59.0.0, COMPILATION OF MODULE MAIN
OBJECT MODULE PLACED IN .\Objects\main.obj
COMPILER INVOKED BY: D:\Keil_v5\C51\BIN\C51.EXE main.c OPTIMIZE(8,SPEED) BROWSE DEBUG OBJECTEXTEND PRINT(.\Listings\main
                    -.lst) OBJECT(.\Objects\main.obj)

line level    source

   1          #include <REGX51.H>
   2          #include "Timer0_Init.h"
   3          #include "Key.h"
   4          #include "nixie.h"
   5          #include "delay.h"
   6          #include "AT24C02.h"
   7          
   8          uchar KeyNum,temp;
   9          uchar Min,Sec,MinSec;
  10          uchar RunFlag;
  11          void main ()
  12          {
  13   1              Timer0_Init();
  14   1          while(1)
  15   1              {
  16   2                      KeyNum = Key();      //中断函数不停地返回对应的按键值
  17   2                      if(KeyNum==1)
  18   2                      {
  19   3                              RunFlag=!RunFlag;
  20   3                      }
  21   2                      if(KeyNum==2)
  22   2                      {
  23   3                              Min=0;
  24   3                              Sec=0;
  25   3                              MinSec=0;
  26   3                      }
  27   2                      if(KeyNum==3)//保存
  28   2                      {
  29   3                              AT24C02_WriteByte(0,Min);
  30   3                              delay(5);
  31   3                              AT24C02_WriteByte(1,Sec);
  32   3                              delay(5);
  33   3                              AT24C02_WriteByte(2,MinSec);
  34   3                              delay(5);
  35   3                      }
  36   2                      if(KeyNum==4)
  37   2                      { 
  38   3                              Min=AT24C02_ReadByte(0);
  39   3                              Sec=AT24C02_ReadByte(1);
  40   3                              MinSec=AT24C02_ReadByte(2);
  41   3                      }
  42   2                      nixie(8,Min/10); 
  43   2                      nixie(7,Min%10); 
  44   2                      nixie(6,18); 
  45   2                      nixie(5,Sec/10); 
  46   2                      nixie(4,Sec%10);
  47   2                      nixie(3,18); 
  48   2                      nixie(2,MinSec/10); 
  49   2                      nixie(1,MinSec/10); 
  50   2              }
  51   1               
  52   1      }
  53          
  54          
C51 COMPILER V9.59.0.0   MAIN                                                              12/10/2023 15:36:44 PAGE 2   

  55          void Clock_Loop(void)
  56          {
  57   1              if(RunFlag)
  58   1              {
  59   2                      MinSec++;
  60   2                      if(MinSec==100)
  61   2                      {
  62   3                              MinSec=0;
  63   3                              Sec++;
  64   3                              if(Sec==60)
  65   3                              {
  66   4                                      Sec=0;
  67   4                                      Min++;
  68   4                                      if(Min==60)
  69   4                                      {
  70   5                                              Min=0;
  71   5                                      }
  72   4                              }
  73   3                      }
  74   2              }
  75   1      }
  76          void Timer0_Routine () interrupt 1
  77          {
  78   1              static unsigned int T0count1,T0count2,T0count3;     //静态局部变量，保证不会被重新赋值
  79   1      
  80   1              TL0 = 0x66;                                      //确保中断时间不变
  81   1              TH0 = 0xFC;     
  82   1              T0count1++;
  83   1              if(T0count1 == 20)              //每隔20毫秒进入if，灯亮灭变化
  84   1              {
  85   2                      T0count1=0;
  86   2                      Key_Loop();
  87   2              }
  88   1              //定时器代替delay，其实质是将按键按下识别和数码管显示这些核心程序放到中断里，主函数负责收尾
  89   1              T0count2++;
  90   1              if(T0count2 == 2)               //每隔2毫秒进入if，灯亮灭变化
  91   1              {
  92   2                      T0count2=0;
  93   2                      nixie_Loop();
  94   2              }
  95   1              T0count3++;
  96   1              if(T0count3 ==10)               //每隔2毫秒进入if，灯亮灭变化
  97   1              {
  98   2                      T0count3=0;
  99   2                      Clock_Loop();
 100   2              }
 101   1      }
 102          
 103          


MODULE INFORMATION:   STATIC OVERLAYABLE
   CODE SIZE        =    391    ----
   CONSTANT SIZE    =   ----    ----
   XDATA SIZE       =   ----    ----
   PDATA SIZE       =   ----    ----
   DATA SIZE        =     12    ----
   IDATA SIZE       =   ----    ----
   BIT SIZE         =   ----    ----
END OF MODULE INFORMATION.


C51 COMPILATION COMPLETE.  0 WARNING(S),  0 ERROR(S)
