C51 COMPILER V9.59.0.0   MAIN                                                              03/03/2024 14:54:10 PAGE 1   


C51 COMPILER V9.59.0.0, COMPILATION OF MODULE MAIN
OBJECT MODULE PLACED IN .\Objects\main.obj
COMPILER INVOKED BY: D:\Keil_v5\C51\BIN\C51.EXE main.c OPTIMIZE(8,SPEED) BROWSE DEBUG OBJECTEXTEND PRINT(.\Listings\main
                    -.lst) OBJECT(.\Objects\main.obj)

line level    source

   1          #include <REGX51.H>
   2          #include <Matrixkey.h>
   3          #include <LCD1602.h>
   4          #include "nixie.h"
   5          
   6          void main ()
   7          {
   8   1              unsigned int KeyNum;
   9   1              LCD_Init();
  10   1              
  11   1              while(1)
  12   1              {
  13   2                      KeyNum=Matrixkey();
  14   2                      
  15   2                      if(KeyNum)            //循环很快，要除去0对其他数字的干扰，函数还没来得及执行，KeyNum就会被赋值0
  16   2                      {
  17   3                              //LCD_ShowNum(1,1,KeyNum,2);
  18   3                              nixie(1, KeyNum);
  19   3                      }
  20   2              }
  21   1      }
  22          


MODULE INFORMATION:   STATIC OVERLAYABLE
   CODE SIZE        =     27    ----
   CONSTANT SIZE    =   ----    ----
   XDATA SIZE       =   ----    ----
   PDATA SIZE       =   ----    ----
   DATA SIZE        =   ----       2
   IDATA SIZE       =   ----    ----
   BIT SIZE         =   ----    ----
END OF MODULE INFORMATION.


C51 COMPILATION COMPLETE.  0 WARNING(S),  0 ERROR(S)
