C51 COMPILER V9.59.0.0   DELAY                                                             10/31/2023 15:22:07 PAGE 1   


C51 COMPILER V9.59.0.0, COMPILATION OF MODULE DELAY
OBJECT MODULE PLACED IN .\Objects\delay.obj
COMPILER INVOKED BY: D:\Keil_v5\C51\BIN\C51.EXE delay.c OPTIMIZE(8,SPEED) BROWSE DEBUG OBJECTEXTEND PRINT(.\Listings\del
                    -ay.lst) OBJECT(.\Objects\delay.obj)

line level    source

   1          //#include <INTRINS.H>
   2          
   3          ///**
   4          //  * @brief  延时子程序，可通过烧录软件获得
   5          //  * @param  延时时间（ms）
   6          //  * @retval 无
   7          //  */
   8          //void delay_ms(unsigned char xms)              //@11.0592MHz
   9          //{
  10          //      while(xms -- )
  11          //      {
  12          //              unsigned char i, j;
  13          
  14          //              _nop_();
  15          //              _nop_();
  16          //              _nop_();
  17          //              i = 11;
  18          //              j = 190;
  19          //              do
  20          //              {
  21          //                      while (--j);
  22          //              } while (--i);
  23          //      }
  24          //      
  25          //}


MODULE INFORMATION:   STATIC OVERLAYABLE
   CODE SIZE        =   ----    ----
   CONSTANT SIZE    =   ----    ----
   XDATA SIZE       =   ----    ----
   PDATA SIZE       =   ----    ----
   DATA SIZE        =   ----    ----
   IDATA SIZE       =   ----    ----
   BIT SIZE         =   ----    ----
END OF MODULE INFORMATION.


C51 COMPILATION COMPLETE.  0 WARNING(S),  0 ERROR(S)
