C51 COMPILER V9.59.0.0   KEY                                                               10/31/2023 15:22:08 PAGE 1   


C51 COMPILER V9.59.0.0, COMPILATION OF MODULE KEY
OBJECT MODULE PLACED IN .\Objects\Key.obj
COMPILER INVOKED BY: D:\Keil_v5\C51\BIN\C51.EXE Key.c OPTIMIZE(8,SPEED) BROWSE DEBUG OBJECTEXTEND PRINT(.\Listings\Key.l
                    -st) OBJECT(.\Objects\Key.obj)

line level    source

   1          //#include <REGX51.H>
   2          //#include "delay.h"
   3          //#include <intrins.h>
   4          
   5          ///**
   6          //  * @brief  按键扫描函数
   7          //  * @param  无
   8          //  * @retval 返回按键值
   9          //  */
  10          //int Key_GetNum (void)
  11          //{
  12          //      unsigned char KeyNum=0;
  13          //      if(P3_2==0){delay_ms(20);while(P3_2==0);delay_ms(20);KeyNum=2;}
  14          //      if(P3_4==0){delay_ms(20);while(P3_4==0);delay_ms(20);KeyNum=4;}
  15          //      if(P3_5==0){delay_ms(20);while(P3_5==0);delay_ms(20);KeyNum=5;}
  16          //      if(P3_6==0){delay_ms(20);while(P3_6==0);delay_ms(20);KeyNum=6;}
  17          //      
  18          //      return KeyNum;
  19          //}


MODULE INFORMATION:   STATIC OVERLAYABLE
   CODE SIZE        =   ----    ----
   CONSTANT SIZE    =   ----    ----
   XDATA SIZE       =   ----    ----
   PDATA SIZE       =   ----    ----
   DATA SIZE        =   ----    ----
   IDATA SIZE       =   ----    ----
   BIT SIZE         =   ----    ----
END OF MODULE INFORMATION.


C51 COMPILATION COMPLETE.  0 WARNING(S),  0 ERROR(S)
