C51 COMPILER V9.59.0.0   MAIN                                                              10/31/2023 15:38:32 PAGE 1   


C51 COMPILER V9.59.0.0, COMPILATION OF MODULE MAIN
OBJECT MODULE PLACED IN .\Objects\main.obj
COMPILER INVOKED BY: D:\Keil_v5\C51\BIN\C51.EXE main.c OPTIMIZE(8,SPEED) BROWSE DEBUG OBJECTEXTEND PRINT(.\Listings\main
                    -.lst) OBJECT(.\Objects\main.obj)

line level    source

   1          //#include <REGX51.H>
   2          //#include "delay.h"
   3          //#include "Key.h"
   4          
   5          ////unsigned char KeyNum;
   6          //////程序三：不断扫描按键获取键值以控制LED
   7          ////void main()
   8          ////{
   9          ////    while(1)
  10          ////    {
  11          ////            KeyNum = Key_GetNum();
  12          ////            if(KeyNum == 2)//按键对应LED
  13          ////            {
  14          ////                    P0_0 = ~P0_0;
  15          ////            }
  16          ////            else if(KeyNum == 4)
  17          ////            {
  18          ////                    P0_1 = ~P0_1;
  19          ////            }
  20          ////            else if(KeyNum == 5)
  21          ////            {
  22          ////                    P0_2 = ~P0_2;
  23          ////            }
  24          ////            else if(KeyNum == 6)
  25          ////            {
  26          ////                    P0_3 = ~P0_3;
  27          ////            }
  28          ////    }
  29          ////}
  30          // 
  31          //void sort(int *p);
  32          //void print(void);
  33          
  34          //int b[10] = { 10,3,9,20,8,7,63,54,4,1};
  35          
  36          //void main(void)
  37          //{
  38          //      sort(b);
  39          //      print();
  40          //}
  41          // 
  42          //void sort(int* p)                        // int*p=int p[]
  43          //{
  44          //      int i, j;
  45          //      for (j = 0; j < 9; j++)
  46          //      {
  47          //              for (i = 0; i <= 8; i++)
  48          //              {
  49          //                      if (p[i] > p[i + 1])
  50          //                      {
  51          //                              int temp;
  52          //                              temp = p[i];
  53          //                              p[i] = p[i + 1];
  54          //                              p[i + 1] = temp;
C51 COMPILER V9.59.0.0   MAIN                                                              10/31/2023 15:38:32 PAGE 2   

  55          //                      }
  56          //              }
  57          //      }
  58          
  59          //}
  60          


MODULE INFORMATION:   STATIC OVERLAYABLE
   CODE SIZE        =   ----    ----
   CONSTANT SIZE    =   ----    ----
   XDATA SIZE       =   ----    ----
   PDATA SIZE       =   ----    ----
   DATA SIZE        =   ----    ----
   IDATA SIZE       =   ----    ----
   BIT SIZE         =   ----    ----
END OF MODULE INFORMATION.


C51 COMPILATION COMPLETE.  0 WARNING(S),  0 ERROR(S)
