C51 COMPILER V9.59.0.0   MIAN_NEW                                                          10/31/2023 15:22:09 PAGE 1   


C51 COMPILER V9.59.0.0, COMPILATION OF MODULE MIAN_NEW
OBJECT MODULE PLACED IN .\Objects\MIAN_NEW.obj
COMPILER INVOKED BY: D:\Keil_v5\C51\BIN\C51.EXE MIAN_NEW.c OPTIMIZE(8,SPEED) BROWSE DEBUG OBJECTEXTEND PRINT(.\Listings\
                    -MIAN_NEW.lst) OBJECT(.\Objects\MIAN_NEW.obj)

line level    source

   1          //#include<REGX51.h>
   2          //#include<stdio.h>
   3          //#include "delay.h"
   4          
   5          //#define uchar unsigned char
   6          //#define uint unsigned int
   7          //      
   8          //////程序二：外部中断实现单按键控制单LED
   9          ////void main()
  10          ////{
  11          ////    //中断初始化
  12          ////    EA=1; 
  13          ////    IT0=1; 
  14          ////    EX0=1; 
  15          ////  P0 = ~0x00; 
  16          ////    while(1)
  17          ////    {
  18          ////             
  19          ////    }
  20          ////}
  21          ////void int0() interrupt 0
  22          ////{
  23          ////    static uint b = 0;
  24          ////    P0 = ~ ( 0x01 << b );
  25          ////    b++;
  26          ////    b %= 4; 
  27          ////}
  28          
  29          ////程序四：外部中断结合与门实现多按键控制多LED
  30          //uchar Light1[4] = {~0x01, ~0x02, ~0x04, ~0x08};//模式一
  31          //uchar Light2[4] = {~0x01, ~0x03, ~0x07, ~0x0A};//模式二
  32          //uchar i = 0;
  33          //uchar MODE = 0;
  34          
  35          //void main()
  36          //{
  37          //      //中断初始化
  38          //      EA=1; 
  39          //      IT0=1; 
  40          //      EX0=1; 
  41          //    P0 = ~0x00;
  42          //      //主循环
  43          //      while(1)
  44          //      {
  45          //              if(MODE == 1)//实现跑马灯
  46          //              {
  47          //                      while(i < 4)
  48          //                      {
  49          //                              P0 = Light1[i];
  50          //                              i++;
  51          //                              delay_ms(20);
  52          //                      }
  53          //              }
  54          //              else  if(MODE == 2)//灯按顺序依次点亮
C51 COMPILER V9.59.0.0   MIAN_NEW                                                          10/31/2023 15:22:09 PAGE 2   

  55          //              {
  56          //                      while(i < 4)
  57          //                      {
  58          //                              P0 = Light2[i];
  59          //                              i++;
  60          //                              delay_ms(50);
  61          //                      }
  62          //              }
  63          //              i = 0;//退出模式时要清零i，方便进入模式后继续跑马灯，该句不能放在while（i < 4）内部
  64          //      }
  65          //}
  66          //void int0() interrupt 0
  67          //{
  68          //      if(P3_3 == 0)//不同的按键，切换不同的模式
  69          //      {
  70          //              MODE = 1;
  71          //      }
  72          //      if(P3_4 == 0)
  73          //      {
  74          //              MODE = 2;
  75          //      }
  76          //      if(P3_5 == 0)
  77          //      {
  78          //              MODE = 3;
  79          //              P0 = ~0x09;//这里简写，亮个灯就行
  80          //      }
  81          //      if(P3_6 == 0)
  82          //      {
  83          //              MODE = 4;
  84          //              P0 = ~0x06;//这里简写，亮个灯就行
  85          //      }
  86          //}


MODULE INFORMATION:   STATIC OVERLAYABLE
   CODE SIZE        =   ----    ----
   CONSTANT SIZE    =   ----    ----
   XDATA SIZE       =   ----    ----
   PDATA SIZE       =   ----    ----
   DATA SIZE        =   ----    ----
   IDATA SIZE       =   ----    ----
   BIT SIZE         =   ----    ----
END OF MODULE INFORMATION.


C51 COMPILATION COMPLETE.  0 WARNING(S),  0 ERROR(S)
