C51 COMPILER V9.59.0.0   DELAY                                                             04/05/2023 14:09:22 PAGE 1   


C51 COMPILER V9.59.0.0, COMPILATION OF MODULE DELAY
OBJECT MODULE PLACED IN .\Objects\delay.obj
COMPILER INVOKED BY: D:\Keil_v5\C51\BIN\C51.EXE delay.c OPTIMIZE(8,SPEED) BROWSE DEBUG OBJECTEXTEND PRINT(.\Listings\del
                    -ay.lst) OBJECT(.\Objects\delay.obj)

line level    source

   1          #include <INTRINS.H>
   2           
   3          void delay (unsigned int xms)           //@11.0592MHz
   4          {
   5   1              unsigned char i, j;
   6   1      
   7   1              _nop_();
   8   1              _nop_();
   9   1              _nop_();
  10   1              i = 11;
  11   1              j = 190;
  12   1              do
  13   1              {
  14   2                      while (--j);
  15   2              } while (--i);
  16   1      }
*** WARNING C280 IN LINE 3 OF delay.c: 'xms': unreferenced local variable
  17          


MODULE INFORMATION:   STATIC OVERLAYABLE
   CODE SIZE        =     16    ----
   CONSTANT SIZE    =   ----    ----
   XDATA SIZE       =   ----    ----
   PDATA SIZE       =   ----    ----
   DATA SIZE        =   ----       2
   IDATA SIZE       =   ----    ----
   BIT SIZE         =   ----    ----
END OF MODULE INFORMATION.


C51 COMPILATION COMPLETE.  1 WARNING(S),  0 ERROR(S)
