C51 COMPILER V9.59.0.0   MAIN                                                              04/05/2023 14:09:22 PAGE 1   


C51 COMPILER V9.59.0.0, COMPILATION OF MODULE MAIN
OBJECT MODULE PLACED IN .\Objects\main.obj
COMPILER INVOKED BY: D:\Keil_v5\C51\BIN\C51.EXE main.c OPTIMIZE(8,SPEED) BROWSE DEBUG OBJECTEXTEND PRINT(.\Listings\main
                    -.lst) OBJECT(.\Objects\main.obj)

line level    source

   1          #include <REGX51.H>
   2          #include "Key.h"
   3          #include "nixie.h"
   4          #include "Buzzer_time.h"
   5          
   6          
   7          unsigned char KeyNum;
   8           
   9          void main ()
  10          {
  11   1              while(1)
  12   1              {
  13   2                      KeyNum=Key();
  14   2                      if(KeyNum)
  15   2                      {
  16   3                              Buzzer_time(10);
  17   3                              nixie(8,KeyNum);
  18   3                      }
  19   2              }
  20   1      }
  21          


MODULE INFORMATION:   STATIC OVERLAYABLE
   CODE SIZE        =     28    ----
   CONSTANT SIZE    =   ----    ----
   XDATA SIZE       =   ----    ----
   PDATA SIZE       =   ----    ----
   DATA SIZE        =      1    ----
   IDATA SIZE       =   ----    ----
   BIT SIZE         =   ----    ----
END OF MODULE INFORMATION.


C51 COMPILATION COMPLETE.  0 WARNING(S),  0 ERROR(S)
