C51 COMPILER V9.59.0.0   MAIN                                                              03/22/2024 20:04:46 PAGE 1   


C51 COMPILER V9.59.0.0, COMPILATION OF MODULE MAIN
OBJECT MODULE PLACED IN .\Objects\main.obj
COMPILER INVOKED BY: D:\Keil_v5\C51\BIN\C51.EXE main.c OPTIMIZE(8,SPEED) BROWSE DEBUG OBJECTEXTEND PRINT(.\Listings\main
                    -.lst) OBJECT(.\Objects\main.obj)

line level    source

   1          #include <REGX51.H>
   2          #include "Matrixkey.h"
   3          #include "delay.h"
   4          #include "nixie.h"
   5          #include "Key.h"
   6          
   7          sbit LED1 = P2^0;
   8          
   9          unsigned char KeyNum, Nixie_Num = 6, MatrixKeyNum,
  10                                    Hour = 23, Matrix_Value = 0, Count = 0;                         
  11          
  12          void main ()
  13          {
  14   1              while(1)
  15   1              {
  16   2                      nixie(1,Nixie_Num);                             
  17   2                      nixie(8, Hour/10);                              
  18   2                      nixie(7, Hour%10);                              
  19   2                      nixie(6, 17);                   
  20   2                      nixie(5, 2);
  21   2                      nixie(4, 9);
  22   2                      nixie(3, 17);
  23   2                      nixie(2, 5);
  24   2                      
  25   2                      
  26   2                      KeyNum = Key();                                 
  27   2                      if(KeyNum)
  28   2                      {
  29   3                              if(KeyNum == 1)LED1 = !LED1;
  30   3                              
  31   3                              if(KeyNum == 2)                         
  32   3                              {
  33   4                                      if(Nixie_Num == 0)Nixie_Num = 10;
  34   4                                      Nixie_Num--;                    
  35   4                              }
  36   3                              
  37   3                              if(KeyNum == 3)                         
  38   3                              {
  39   4                                      Nixie_Num++;                    
  40   4                                      if(Nixie_Num == 10)Nixie_Num = 0;
  41   4                              }
  42   3                      }
  43   2                      
  44   2                      MatrixKeyNum = Matrixkey();             
  45   2                      if(MatrixKeyNum)                                  
  46   2                      { 
  47   3                              if(MatrixKeyNum <= 10)                            
  48   3                              {
  49   4                                      if(Count < 2)                             
  50   4                                      {
  51   5                                              Matrix_Value *= 10;                 
  52   5                                              Matrix_Value += MatrixKeyNum % 10; 
  53   5                                              Count++;                      
  54   5                                      }
C51 COMPILER V9.59.0.0   MAIN                                                              03/22/2024 20:04:46 PAGE 2   

  55   4                              }
  56   3                                      
  57   3                              if(MatrixKeyNum == 13)                   
  58   3                              {
  59   4                                      Hour = Matrix_Value;    
  60   4                                      Count = 0;                              
  61   4                                      Matrix_Value = 0;               
  62   4                              }
  63   3                      }       
  64   2                      
  65   2                      
  66   2              }
  67   1      }


MODULE INFORMATION:   STATIC OVERLAYABLE
   CODE SIZE        =    208    ----
   CONSTANT SIZE    =   ----    ----
   XDATA SIZE       =   ----    ----
   PDATA SIZE       =   ----    ----
   DATA SIZE        =      6    ----
   IDATA SIZE       =   ----    ----
   BIT SIZE         =   ----    ----
END OF MODULE INFORMATION.


C51 COMPILATION COMPLETE.  0 WARNING(S),  0 ERROR(S)
