C51 COMPILER V9.59.0.0   MATRIXKEY                                                         03/22/2024 20:04:46 PAGE 1   


C51 COMPILER V9.59.0.0, COMPILATION OF MODULE MATRIXKEY
OBJECT MODULE PLACED IN .\Objects\Matrixkey.obj
COMPILER INVOKED BY: D:\Keil_v5\C51\BIN\C51.EXE Matrixkey.c OPTIMIZE(8,SPEED) BROWSE DEBUG OBJECTEXTEND PRINT(.\Listings
                    -\Matrixkey.lst) OBJECT(.\Objects\Matrixkey.obj)

line level    source

   1           #include <REGX51.H>
   2           #include <Delay.h>
   3           
   4           unsigned char Matrixkey(void)
   5           {
   6   1               //列扫描
   7   1               unsigned char MatrixKeyNum = 0;
   8   1               P1=0xff;
   9   1               P1_0=0;      //确定扫描列数          
  10   1               if(P1_4==0){Delay_ms(20);while(P1_4==0);Delay_ms(20);MatrixKeyNum=16;}
  11   1               if(P1_5==0){Delay_ms(20);while(P1_5==0);Delay_ms(20);MatrixKeyNum=12;}
  12   1               if(P1_6==0){Delay_ms(20);while(P1_6==0);Delay_ms(20);MatrixKeyNum=8;}
  13   1               if(P1_7==0){Delay_ms(20);while(P1_7==0);Delay_ms(20);MatrixKeyNum=4;}
  14   1               
  15   1               
  16   1               P1=0xff;
  17   1               P1_1=0;
  18   1               if(P1_4==0){Delay_ms(20);while(P1_4==0);Delay_ms(20);MatrixKeyNum=15;}
  19   1               if(P1_5==0){Delay_ms(20);while(P1_5==0);Delay_ms(20);MatrixKeyNum=11;}
  20   1               if(P1_6==0){Delay_ms(20);while(P1_6==0);Delay_ms(20);MatrixKeyNum=7;}
  21   1               if(P1_7==0){Delay_ms(20);while(P1_7==0);Delay_ms(20);MatrixKeyNum=3;}
  22   1               
  23   1               P1=0xff;
  24   1               P1_2=0;
  25   1               if(P1_4==0){Delay_ms(20);while(P1_4==0);Delay_ms(20);MatrixKeyNum=14;}
  26   1               if(P1_5==0){Delay_ms(20);while(P1_5==0);Delay_ms(20);MatrixKeyNum=10;}
  27   1               if(P1_6==0){Delay_ms(20);while(P1_6==0);Delay_ms(20);MatrixKeyNum=6;}
  28   1               if(P1_7==0){Delay_ms(20);while(P1_7==0);Delay_ms(20);MatrixKeyNum=2;}
  29   1               
  30   1               P1=0xff;
  31   1               P1_3=0;
  32   1               if(P1_4==0){Delay_ms(20);while(P1_4==0);Delay_ms(20);MatrixKeyNum=13;}
  33   1               if(P1_5==0){Delay_ms(20);while(P1_5==0);Delay_ms(20);MatrixKeyNum=9;}
  34   1               if(P1_6==0){Delay_ms(20);while(P1_6==0);Delay_ms(20);MatrixKeyNum=5;}
  35   1               if(P1_7==0){Delay_ms(20);while(P1_7==0);Delay_ms(20);MatrixKeyNum=1;}
  36   1               
  37   1               
  38   1               return MatrixKeyNum;
  39   1       }
  40          


MODULE INFORMATION:   STATIC OVERLAYABLE
   CODE SIZE        =    393    ----
   CONSTANT SIZE    =   ----    ----
   XDATA SIZE       =   ----    ----
   PDATA SIZE       =   ----    ----
   DATA SIZE        =   ----       1
   IDATA SIZE       =   ----    ----
   BIT SIZE         =   ----    ----
END OF MODULE INFORMATION.


C51 COMPILATION COMPLETE.  0 WARNING(S),  0 ERROR(S)
