C51 COMPILER V9.59.0.0   TIMER0_INIT                                                       05/27/2023 22:02:21 PAGE 1   


C51 COMPILER V9.59.0.0, COMPILATION OF MODULE TIMER0_INIT
OBJECT MODULE PLACED IN .\Objects\Timer0_Init.obj
COMPILER INVOKED BY: D:\Keil_v5\C51\BIN\C51.EXE Timer0_Init.c OPTIMIZE(8,SPEED) BROWSE DEBUG OBJECTEXTEND PRINT(.\Listin
                    -gs\Timer0_Init.lst) OBJECT(.\Objects\Timer0_Init.obj)

line level    source

   1          #include <REGX51.H>
   2          
   3           /**
   4            * @brief                 定时器初始化1ms，11.0592MHz
   5            * @param                 无
   6            * @retval                无
   7            */
   8          void Timer1_Init()                  //1000us @11.0592MHz
   9          {
  10   1              TMOD &= 0x0F;                   //配置模式：打开定时器1；启用模式1；高四位不变，后四位清零
  11   1              TMOD |=0x10;            //最低位置1，高四位不变
  12   1              TL1 = 0x66;                             //配置计数范围，确定中断时间,RC版频率不一样，差值对应时间不一样，是66不是18
  13   1              TH1 = 0xFC;                             //设置定时初值
  14   1              TF1 = 0;                                //标志位清零
  15   1              TR1 = 1;                                //定时器1开始计数
  16   1              
  17   1              EA=1;                   //开启中断总开关
  18   1              ET1=1;                  //开启定时器1分开关
  19   1              PT1=0;                  //配置优先级 （0是最低）
  20   1              
  21   1      }
  22          
  23          //中断所执行程序模板
  24          
  25          //void Timer1_Routine () interrupt 1
  26          //{
  27          //      static unsigned int T1count;     //静态局部变量，保证不会被重新赋值
  28          
  29          //      TL1 = 0x66;                                      //确保中断时间不变
  30          //      TH1 = 0xFC;     
  31          //      T1count++;
  32          //      if(T1count == 1000)              //每隔1000毫秒进入if，灯亮灭变化
  33          //      {
  34          //              T1count=0;
  35          //              //P2_0=~P2_0;
  36          //      }
  37          //}
  38          
  39          


MODULE INFORMATION:   STATIC OVERLAYABLE
   CODE SIZE        =     23    ----
   CONSTANT SIZE    =   ----    ----
   XDATA SIZE       =   ----    ----
   PDATA SIZE       =   ----    ----
   DATA SIZE        =   ----    ----
   IDATA SIZE       =   ----    ----
   BIT SIZE         =   ----    ----
END OF MODULE INFORMATION.


C51 COMPILATION COMPLETE.  0 WARNING(S),  0 ERROR(S)
