C51 COMPILER V9.59.0.0   MAIN                                                              04/11/2023 21:35:41 PAGE 1   


C51 COMPILER V9.59.0.0, COMPILATION OF MODULE MAIN
OBJECT MODULE PLACED IN .\Objects\main.obj
COMPILER INVOKED BY: D:\Keil_v5\C51\BIN\C51.EXE main.c OPTIMIZE(8,SPEED) BROWSE DEBUG OBJECTEXTEND PRINT(.\Listings\main
                    -.lst) OBJECT(.\Objects\main.obj)

line level    source

   1          #include <REGX51.H>
   2          #include "LCD1602.h"
   3          #include "DS18B20.h"
   4          #include "delay.h"
   5          unsigned char ACK;
   6          float T;
   7          void main ()
   8          {
   9   1              DS18B20_Convert_T();
  10   1              delay(100);            //让下面的温度还没来得及转换完时，T显示此时的温度转换值
  11   1              LCD_Init();
  12   1              LCD_ShowString(1,1,"temperature:");
  13   1          while(1)
  14   1              {
  15   2                      DS18B20_Convert_T();
  16   2                      T=DS18B20_Read_T();
  17   2                      if(T<0)
  18   2                      {
  19   3                              LCD_ShowString(2,1,"-");
  20   3                              T=-T;
  21   3                      }
  22   2                      else
  23   2                      {
  24   3                              LCD_ShowString(2,1,"+");
  25   3      
  26   3                      }
  27   2                      LCD_ShowNum(2,2,T,3);
  28   2                      LCD_ShowChar(2,5,'.');
  29   2                      LCD_ShowNum(2,6,(unsigned long)(T*10000)%10000,4);
  30   2              }
  31   1      }
  32          


MODULE INFORMATION:   STATIC OVERLAYABLE
   CODE SIZE        =    182    ----
   CONSTANT SIZE    =     17    ----
   XDATA SIZE       =   ----    ----
   PDATA SIZE       =   ----    ----
   DATA SIZE        =      5    ----
   IDATA SIZE       =   ----    ----
   BIT SIZE         =   ----    ----
END OF MODULE INFORMATION.


C51 COMPILATION COMPLETE.  0 WARNING(S),  0 ERROR(S)
