C51 COMPILER V9.59.0.0   MAIN                                                              04/15/2023 10:11:37 PAGE 1   


C51 COMPILER V9.59.0.0, COMPILATION OF MODULE MAIN
OBJECT MODULE PLACED IN .\Objects\main.obj
COMPILER INVOKED BY: D:\Keil_v5\C51\BIN\C51.EXE main.c OPTIMIZE(8,SPEED) BROWSE DEBUG OBJECTEXTEND PRINT(.\Listings\main
                    -.lst) OBJECT(.\Objects\main.obj)

line level    source

   1          #include <REGX51.H>
   2          #include "delay.h"
   3          #include "key.h"
   4          #include "LCD1602.h"
   5          #include "AT24C02.h"
   6          #include "DS18B20.h"
   7          #include "Timer0_Init.h"
   8           
   9          float T,TShow;
  10          char THigh,TLow;
  11          unsigned char KeyNum;
  12          
  13          void main ()
  14          {
  15   1              Timer0_Init();
  16   1              THigh=AT24C02_ReadByte(0);
  17   1              TLow=AT24C02_ReadByte(1);
  18   1              if(THigh>125||TLow<-55||THigh<TLow)
  19   1              {
  20   2                      THigh=30;
  21   2                      TLow=15;
  22   2              }
  23   1              LCD_Init();
  24   1              LCD_ShowString(1,1,"T:");
  25   1              LCD_ShowString(2,1,"TH:");//温度上限
  26   1              LCD_ShowString(2,9,"TL:");//温度下限
  27   1              LCD_ShowSignedNum(2,4,THigh,3);
  28   1              LCD_ShowSignedNum(2,12,TLow,3); 
  29   1      
  30   1          while(1)
  31   1              {
  32   2                      KeyNum=Key();
  33   2                      /************显示温度**************/
  34   2                      DS18B20_Convert_T();//更新
  35   2                      T=DS18B20_Read_T(); //读取
  36   2                      if(T<0)
  37   2                      {
  38   3                              LCD_ShowChar(1,3,'-');
  39   3                              TShow=-T;
  40   3                      }
  41   2                      else
  42   2                      {
  43   3                              LCD_ShowChar(1,3,'+');
  44   3                              TShow=T;                        
  45   3                      }
  46   2                      LCD_ShowNum(1,4,TShow,3);
  47   2                      LCD_ShowString(1,7,".");
  48   2                      LCD_ShowNum(1,8,(unsigned long)(TShow*100)%100,2);
  49   2                      /***********************************/
  50   2                      
  51   2                      /***********阈值调整及显示**********/
  52   2                      if(KeyNum)
  53   2                      {
  54   3                              if(KeyNum==1)
C51 COMPILER V9.59.0.0   MAIN                                                              04/15/2023 10:11:37 PAGE 2   

  55   3                              {
  56   4                                      THigh++;
  57   4                                      if(THigh>=125)THigh=125;
  58   4                              }
  59   3                              if(KeyNum==2)
  60   3                              {
  61   4                                      THigh--;
  62   4                                      if(THigh<=TLow)THigh++;
  63   4                              }
  64   3                              if(KeyNum==3)
  65   3                              {
  66   4                                      TLow++;
  67   4                                      if(TLow>=THigh)TLow--;
  68   4                              }
  69   3                              if(KeyNum==4)
  70   3                              {
  71   4                                      TLow--;
  72   4                                      if(TLow==-55)TLow=-55;
  73   4                              }               
  74   3                      }
  75   2                      LCD_ShowSignedNum(2,4,THigh,3);
  76   2                      LCD_ShowSignedNum(2,12,TLow,3); 
  77   2      
  78   2                      AT24C02_WriteByte(0,THigh);
  79   2                      delay(5);
  80   2                      AT24C02_WriteByte(1,TLow);
  81   2                      delay(5);
  82   2                      
  83   2                      /***********************************/
  84   2                      /********判断温度是否超过阈值*******/
  85   2                      if(T>THigh)
  86   2                      {
  87   3                              LCD_ShowString(1,12,"OV:H");
  88   3                      }
  89   2                      else if(T<TLow)
  90   2                      {
  91   3                              LCD_ShowString(1,12,"OV:L");
  92   3                      }
  93   2                      else
  94   2                      {
  95   3                              LCD_ShowString(1,12,"    ");
  96   3                      }
  97   2              }
  98   1      }
  99          
 100          
 101          
 102          void Timer0_Routine () interrupt 1
 103          {
 104   1              static unsigned int T0count;     //静态局部变量，保证不会被重新赋值
 105   1      
 106   1              TL0 = 0x66;                                      //确保中断时间不变
 107   1              TH0 = 0xFC;     
 108   1              T0count++;
 109   1              if(T0count == 20)                //每隔20毫秒进入if，灯亮灭变化
 110   1              {
 111   2                      T0count=0;
 112   2                      Key_Loop();
 113   2              }
 114   1      }
 115          
 116          
C51 COMPILER V9.59.0.0   MAIN                                                              04/15/2023 10:11:37 PAGE 3   



MODULE INFORMATION:   STATIC OVERLAYABLE
   CODE SIZE        =    652    ----
   CONSTANT SIZE    =     28    ----
   XDATA SIZE       =   ----    ----
   PDATA SIZE       =   ----    ----
   DATA SIZE        =     13    ----
   IDATA SIZE       =   ----    ----
   BIT SIZE         =   ----    ----
END OF MODULE INFORMATION.


C51 COMPILATION COMPLETE.  0 WARNING(S),  0 ERROR(S)
