C51 COMPILER V9.59.0.0   CHAOSHENGBO                                                       12/29/2023 20:25:58 PAGE 1   


C51 COMPILER V9.59.0.0, COMPILATION OF MODULE CHAOSHENGBO
OBJECT MODULE PLACED IN .\Objects\chaoshengbo.obj
COMPILER INVOKED BY: D:\Keil_v5\C51\BIN\C51.EXE chaoshengbo.c OPTIMIZE(8,SPEED) BROWSE DEBUG OBJECTEXTEND PRINT(.\Listin
                    -gs\chaoshengbo.lst) OBJECT(.\Objects\chaoshengbo.obj)

line level    source

   1          #include <REGX51.H>
   2          #include "delay.h"
   3          #include "car.h"
   4          
   5          
   6          sbit Trig = P1^7;
   7          sbit Echo = P1^6;
   8          
   9          unsigned char sum;//三个方向距离
  10          
  11          unsigned char chaoshengbo ()//@11.0592MHz
  12          {
  13   1      //      T2MOD = 0;              //初始化定时器2 
  14   1      //      T2CON = 0;               
  15   1      //      TL2 = 0;                 //设置定时初值，便于计数
  16   1      //      TH2 = 0;                 
  17   1      //      RCAP2L = 0;              //设置定时重载值
  18   1      //      RCAP2H = 0;     
  19   1              
  20   1              TMOD = 0x11;
  21   1              TL1 = 0;
  22   1              TH1 = 0;
  23   1      
  24   1              Trig = 1;        //发出脉冲
  25   1              delay20us();     //持续20us
  26   1              Trig = 0;
  27   1              
  28   1              while(!Echo);    //接收返回脉冲
  29   1              TR1 = 1;         //开始计数
  30   1              while(Echo);     //返回脉冲结束
  31   1              TR1 = 0;                 //停止计数
  32   1              
  33   1              sum = ((TH1*256+TL1)*0.034/2)+1;//单位cm
  34   1              return sum;
  35   1      }
  36          
  37          
  38          


MODULE INFORMATION:   STATIC OVERLAYABLE
   CODE SIZE        =     79    ----
   CONSTANT SIZE    =   ----    ----
   XDATA SIZE       =   ----    ----
   PDATA SIZE       =   ----    ----
   DATA SIZE        =      1    ----
   IDATA SIZE       =   ----    ----
   BIT SIZE         =   ----    ----
END OF MODULE INFORMATION.


C51 COMPILATION COMPLETE.  0 WARNING(S),  0 ERROR(S)
