C51 COMPILER V9.59.0.0   MAIN                                                              12/29/2023 20:25:58 PAGE 1   


C51 COMPILER V9.59.0.0, COMPILATION OF MODULE MAIN
OBJECT MODULE PLACED IN .\Objects\main.obj
COMPILER INVOKED BY: D:\Keil_v5\C51\BIN\C51.EXE main.c OPTIMIZE(8,SPEED) BROWSE DEBUG OBJECTEXTEND PRINT(.\Listings\main
                    -.lst) OBJECT(.\Objects\main.obj)

line level    source

   1          #include <REGX51.H>
   2          #include "car.h"
   3          #include "Timer0_Init.h"
   4          #include "Track.h"
   5          #include "chaoshengbo.H"
   6          #include "delay.h"
   7          
   8          
   9          
  10          void main ()
  11          {
  12   1              Timer0_Init();
  13   1      //  contral_0();
  14   1          while(1)
  15   1              { 
  16   2                      contral_1();
  17   2                      contral_4();
  18   2      //              read_sensor_values();
  19   2      //              system_xunji();
  20   2              }
  21   1      }
  22          
  23           
  24           


MODULE INFORMATION:   STATIC OVERLAYABLE
   CODE SIZE        =     11    ----
   CONSTANT SIZE    =   ----    ----
   XDATA SIZE       =   ----    ----
   PDATA SIZE       =   ----    ----
   DATA SIZE        =   ----    ----
   IDATA SIZE       =   ----    ----
   BIT SIZE         =   ----    ----
END OF MODULE INFORMATION.


C51 COMPILATION COMPLETE.  0 WARNING(S),  0 ERROR(S)
