C51 COMPILER V9.59.0.0   TRACK                                                             12/29/2023 20:25:58 PAGE 1   


C51 COMPILER V9.59.0.0, COMPILATION OF MODULE TRACK
OBJECT MODULE PLACED IN .\Objects\Track.obj
COMPILER INVOKED BY: D:\Keil_v5\C51\BIN\C51.EXE Track.c OPTIMIZE(8,SPEED) BROWSE DEBUG OBJECTEXTEND PRINT(.\Listings\Tra
                    -ck.lst) OBJECT(.\Objects\Track.obj)

line level    source

   1          #include <REGX51.H>
   2          #include "car.h"
   3          #include "INTRINS.h"
   4          
   5          sbit Right  = P2^0; 
   6          sbit Centure= P2^1;
   7          sbit Left   = P2^2;
   8          
   9          #define BLACK 1
  10          #define WHITE 0
  11          
  12          //charState;
  13          
  14          
  15          /**
  16            * @brief  ¶ÁÈ¡µ±Ç°×´Ì¬Âë
  17            * @param  ÎÞ
  18            * @retval ×´Ì¬Âë£ºState
  19            */
  20          void read_sensor_values()
  21          {
  22   1      //      if(Right == WHITE&&Centure == BLACK&&Left == WHITE)State = 0;//Ö±Ïß
  23   1      //      if(Right == BLACK&&Centure == WHITE&&Left == BLACK)State = 0;//Ö±Ïß
  24   1      //      if(Right == BLACK&&Centure == WHITE&&Left == WHITE)State = 1;//ÓÒÆ«
  25   1      //      if(Right == BLACK&&Centure == BLACK&&Left == WHITE)State = 1;//ÓÒÆ«
  26   1      //      if(Right == WHITE&&Centure == WHITE&&Left == BLACK)State = -1;//×óÆ«
  27   1      //      if(Right == WHITE&&Centure == BLACK&&Left == BLACK)State = -1;//×óÆ«
  28   1      //      if(Right == WHITE&&Centure == WHITE&&Left == WHITE)State =  2;//Í£Ö¹
  29   1      //      return State;
  30   1              
  31   1              if(Right == WHITE && Centure == BLACK && Left == WHITE) 
  32   1              {
  33   2                      Car_Go();
  34   2              }       //Ö±Ïß
  35   1              if(Right == BLACK && Centure == WHITE && Left == BLACK)
  36   1              {
  37   2                      Car_Go();
  38   2              }               //Ö±Ïß
  39   1              /****************************************************/
  40   1              
  41   1              if(Right == BLACK && Centure == WHITE && Left == WHITE)
  42   1              {
  43   2      //              Car_Back();
  44   2      //              delay(10);
  45   2                      Car_RightGo();
  46   2                      if(Right == WHITE && Centure == WHITE && Left == WHITE) Car_Go();
  47   2              }               //ÓÒÆ«
  48   1              if(Right == BLACK && Centure == BLACK && Left == WHITE)
  49   1              {
  50   2                      Car_RightGo();
  51   2                      if(Right == WHITE && Centure == WHITE && Left == WHITE) Car_Go();
  52   2              }               //ÓÒÆ«
  53   1              /****************************************************/
  54   1              
C51 COMPILER V9.59.0.0   TRACK                                                             12/29/2023 20:25:58 PAGE 2   

  55   1              if(Right == WHITE && Centure == WHITE && Left == BLACK)
  56   1              {
  57   2                      Car_LeftGo();
  58   2                      if(Right == WHITE && Centure == WHITE && Left == WHITE) Car_Go();
  59   2              }               //×óÆ«
  60   1              if(Right == WHITE && Centure == BLACK && Left == BLACK)
  61   1              {       
  62   2                      Car_LeftGo();
  63   2                      if(Right == WHITE && Centure == WHITE && Left == WHITE) Car_Go();
  64   2              }               //×óÆ«
  65   1              /***************************************************/
  66   1              //Ö±½Ç×ó¹Õ¡¢Ö±½ÇÓÒ¹Õ£¬ÈýÂ·²»ÐÐ
  67   1              if(Right == WHITE&&Centure == WHITE&&Left == WHITE)Car_Stop(); //Í£Ö¹
  68   1      }
  69          
  70          
  71          // /**
  72          //   * @brief  ¾ùÖµÂË²¨£¬¼õÉÙÎó²î
  73          //   * @param  ÎÞ
  74          //   * @retval State_average
  75          //   */
  76          //   charget_average()
  77          //{
  78          //      floatState_sum,State_average;
  79          //      charState_i[5],i,result;
  80          //      for(i=0;i<5;i++)
  81          //      {
  82          //              State_i[i] = read_sensor_values();
  83          //      }
  84          //      for(i=0;i<5;i++)
  85          //      {
  86          //              State_sum += State_i[i];
  87          //      }
  88          //      State_average = State_sum/5;
  89          //      if(-0.5 < State_average && State_average <= 0.5) result = 0;
  90          //      if( 0.5 < State_average && State_average <= 1.5) result = 1;
  91          //      if(-1.5 < State_average && State_average <= -0.5)result = -1;
  92          //      if( 1.5 < State_average && State_average <= 2)   result = 2;
  93          //      return result;
  94          //}
  95          


MODULE INFORMATION:   STATIC OVERLAYABLE
   CODE SIZE        =    133    ----
   CONSTANT SIZE    =   ----    ----
   XDATA SIZE       =   ----    ----
   PDATA SIZE       =   ----    ----
   DATA SIZE        =   ----    ----
   IDATA SIZE       =   ----    ----
   BIT SIZE         =   ----    ----
END OF MODULE INFORMATION.


C51 COMPILATION COMPLETE.  0 WARNING(S),  0 ERROR(S)
