C51 COMPILER V9.59.0.0   NIXIE                                                             03/04/2023 10:41:43 PAGE 1   


C51 COMPILER V9.59.0.0, COMPILATION OF MODULE NIXIE
OBJECT MODULE PLACED IN .\Objects\nixie.obj
COMPILER INVOKED BY: D:\Keil_v5\C51\BIN\C51.EXE nixie.c OPTIMIZE(8,SPEED) BROWSE DEBUG OBJECTEXTEND PRINT(.\Listings\nix
                    -ie.lst) TABS(2) OBJECT(.\Objects\nixie.obj)

line level    source

   1          #include <REGX51.H>
   2          #include "delay.h"
   3          unsigned char xianshi[]={0x3f,0x06,0x5b,0x4f,0x66,0x6d,0x7d,0x07,0x7f,0x6f,0x77,0x7c,0x39,0x5e,0x79,0x71,0
             -x00};
   4          
   5          void nixie(unsigned char location,number)
   6          {
   7   1          switch( location)
   8   1          {
   9   2            case 8:P2_4=1;P2_3=1;P2_2=1;break;//从左到右，对应87654321
  10   2            case 7:P2_4=1;P2_3=1;P2_2=0;break;
  11   2            case 6:P2_4=1;P2_3=0;P2_2=1;break;
  12   2            case 5:P2_4=1;P2_3=0;P2_2=0;break;
  13   2            case 4:P2_4=0;P2_3=1;P2_2=1;break;
  14   2            case 3:P2_4=0;P2_3=1;P2_2=0;break;
  15   2            case 2:P2_4=0;P2_3=0;P2_2=1;break;
  16   2            case 1:P2_4=0;P2_3=0;P2_2=0;break;
  17   2          }
  18   1          P0=xianshi[number];
  19   1          delay(1);
  20   1          P2=0x00;
  21   1      }


MODULE INFORMATION:   STATIC OVERLAYABLE
   CODE SIZE        =    109    ----
   CONSTANT SIZE    =   ----    ----
   XDATA SIZE       =   ----    ----
   PDATA SIZE       =   ----    ----
   DATA SIZE        =     17    ----
   IDATA SIZE       =   ----    ----
   BIT SIZE         =   ----    ----
END OF MODULE INFORMATION.


C51 COMPILATION COMPLETE.  0 WARNING(S),  0 ERROR(S)
