C51 COMPILER V9.59.0.0   MAIN                                                              04/05/2023 14:44:30 PAGE 1   


C51 COMPILER V9.59.0.0, COMPILATION OF MODULE MAIN
OBJECT MODULE PLACED IN .\Objects\main.obj
COMPILER INVOKED BY: D:\Keil_v5\C51\BIN\C51.EXE main.c OPTIMIZE(8,SPEED) BROWSE DEBUG OBJECTEXTEND PRINT(.\Listings\main
                    -.lst) OBJECT(.\Objects\main.obj)

line level    source

   1          #include <REGX51.H>
   2          #include "DS1302.h"
   3          #include "LCD1602.h"
   4           
   5          unsigned char DS1302_Time[]={23,4,2,15,59,55,7};
   6          void main ()
   7          {
   8   1              LCD_Init();
   9   1              DS1302_Init();
  10   1              
  11   1              LCD_ShowString(1,1,"  -  -  ");
  12   1              LCD_ShowString(2,1,"  :  :  ");
  13   1          //DS1302_WriteByte(0x80,0x08); 
  14   1              //输入的是十六进制，以BCD码形式存储进芯片，
  15   1              //BCD码本质是十进制的十位和个位，不接受大于九的单位数， 
  16   1              //因此带字母的十六进制无法转成BCD码，数据存入失败显示芯片默认值
  17   1              //芯片将BCD码以十六进制形式返回IO线
  18   1              //用四位二进制数表示一位十进制数
  19   1              //BCD芯片内自增：0x09、0x10、0x11、0x12，
  20   1              //将其转为十六进制为：0x09、0x10、0x11、0x12
  21   1              //实际上转成十进制由9突变成了16、17、18、、、
  22   1              //显示数字时用的是十进制
  23   1              
  24   1              DS1302_SetTime();
  25   1              while (1)
  26   1              {
  27   2                      DS1302_ReadTime();
  28   2                      LCD_ShowNum(1,1,DS1302_Time[0],2);   //显示年
  29   2                      LCD_ShowNum(1,4,DS1302_Time[1],2);   //显示月
  30   2                      LCD_ShowNum(1,7,DS1302_Time[2],2);   //显示日
  31   2                      LCD_ShowNum(2,1,DS1302_Time[3],2);   //显示时
  32   2                      LCD_ShowNum(2,4,DS1302_Time[4],2);   //显示分
  33   2                      LCD_ShowNum(2,7,DS1302_Time[5],2);   //显示秒
  34   2                      LCD_ShowNum(1,12,DS1302_Time[6],1);  //显示星期
  35   2              }
  36   1      }
  37           


MODULE INFORMATION:   STATIC OVERLAYABLE
   CODE SIZE        =    145    ----
   CONSTANT SIZE    =     18    ----
   XDATA SIZE       =   ----    ----
   PDATA SIZE       =   ----    ----
   DATA SIZE        =      7    ----
   IDATA SIZE       =   ----    ----
   BIT SIZE         =   ----    ----
END OF MODULE INFORMATION.


C51 COMPILATION COMPLETE.  0 WARNING(S),  0 ERROR(S)
