C51 COMPILER V9.59.0.0   NIXIE                                                             11/18/2023 19:35:52 PAGE 1   


C51 COMPILER V9.59.0.0, COMPILATION OF MODULE NIXIE
OBJECT MODULE PLACED IN .\Objects\nixie.obj
COMPILER INVOKED BY: D:\Keil_v5\C51\BIN\C51.EXE nixie.c OPTIMIZE(8,SPEED) BROWSE DEBUG OBJECTEXTEND PRINT(.\Listings\nix
                    -ie.lst) OBJECT(.\Objects\nixie.obj)

line level    source

   1          #include <REGX51.H>
   2          #include "delay.h"
   3          unsigned char xianshi[]={0x3f,0x06,0x5b,0x4f,0x66,0x6d,0x7d,0x07,0x7f,0x6f,0x77,0x7c,0x39,0x5e,0x79,0x71,0
             -x00, 0x40};
   4          
   5          /**
   6            * @brief  从左到右，对应87654321，显示指定的数字
   7            * @param  location，数字显示的位置
   8            * @param  number，  要显示的数字
   9            * @retval 无
  10            */
  11          void nixie(unsigned char location,number)
  12          {
  13   1                      switch( location)
  14   1                      {
  15   2                              case 8:P2_4=1;P2_3=1;P2_2=1;break;//从左到右，对应87654321
  16   2                              case 7:P2_4=1;P2_3=1;P2_2=0;break;
  17   2                              case 6:P2_4=1;P2_3=0;P2_2=1;break;
  18   2                              case 5:P2_4=1;P2_3=0;P2_2=0;break;
  19   2                              case 4:P2_4=0;P2_3=1;P2_2=1;break;
  20   2                              case 3:P2_4=0;P2_3=1;P2_2=0;break;
  21   2                              case 2:P2_4=0;P2_3=0;P2_2=1;break;
  22   2                              case 1:P2_4=0;P2_3=0;P2_2=0;break;
  23   2                      }
  24   1                      P0=xianshi[number];
  25   1                      delay_ms(1);                              //消影，使上下两位数字显示留有时间间隔
  26   1                      P0 = 0x00;
  27   1      }
  28          


MODULE INFORMATION:   STATIC OVERLAYABLE
   CODE SIZE        =    109    ----
   CONSTANT SIZE    =   ----    ----
   XDATA SIZE       =   ----    ----
   PDATA SIZE       =   ----    ----
   DATA SIZE        =     18    ----
   IDATA SIZE       =   ----    ----
   BIT SIZE         =   ----    ----
END OF MODULE INFORMATION.


C51 COMPILATION COMPLETE.  0 WARNING(S),  0 ERROR(S)
