C51 COMPILER V9.59.0.0   DELAY                                                             05/13/2023 14:09:03 PAGE 1   


C51 COMPILER V9.59.0.0, COMPILATION OF MODULE DELAY
OBJECT MODULE PLACED IN .\Objects\delay.obj
COMPILER INVOKED BY: D:\Keil_v5\C51\BIN\C51.EXE delay.c OPTIMIZE(8,SPEED) BROWSE DEBUG OBJECTEXTEND PRINT(.\Listings\del
                    -ay.lst) OBJECT(.\Objects\delay.obj)

line level    source

   1          #include <INTRINS.H>
   2          void delay(unsigned int xms)
   3          {
   4   1              while(xms--)
   5   1              {
   6   2                      unsigned char i, j;
   7   2      
   8   2                      _nop_();
   9   2                      _nop_();
  10   2                      _nop_();
  11   2                      i = 11;
  12   2                      j = 190;
  13   2                      do
  14   2                      {
  15   3                              while (--j);
  16   3                      } while (--i);
  17   2              }
  18   1      }
  19          void delay100us(unsigned char x100us)           //@11.0592MHz
  20          {
  21   1              while(x100us--)
  22   1              {
  23   2                      unsigned char i, j;
  24   2      
  25   2                      _nop_();
  26   2                      _nop_();
  27   2                      i = 2;
  28   2                      j = 15;
  29   2                      do
  30   2                      {
  31   3                              while (--j);
  32   3                      } while (--i);
  33   2              }
  34   1      }


MODULE INFORMATION:   STATIC OVERLAYABLE
   CODE SIZE        =     51    ----
   CONSTANT SIZE    =   ----    ----
   XDATA SIZE       =   ----    ----
   PDATA SIZE       =   ----    ----
   DATA SIZE        =   ----       4
   IDATA SIZE       =   ----    ----
   BIT SIZE         =   ----    ----
END OF MODULE INFORMATION.


C51 COMPILATION COMPLETE.  0 WARNING(S),  0 ERROR(S)
