C51 COMPILER V9.59.0.0   MAIN                                                              04/01/2023 14:53:46 PAGE 1   


C51 COMPILER V9.59.0.0, COMPILATION OF MODULE MAIN
OBJECT MODULE PLACED IN .\Objects\main.obj
COMPILER INVOKED BY: D:\Keil_v5\C51\BIN\C51.EXE main.c OPTIMIZE(8,SPEED) BROWSE DEBUG OBJECTEXTEND PRINT(.\Listings\main
                    -.lst) OBJECT(.\Objects\main.obj)

line level    source

   1          #include <REGX51.H>
   2          #include "MatrixLED.h"
   3          
   4          void main ()
   5          {
   6   1              void MatrixLED_Init();
   7   1       
   8   1              while (1)
   9   1              {
  10   2                      MatrixLED_ShowColumn(0,0x3c);
  11   2                      MatrixLED_ShowColumn(1,0x42);
  12   2                      MatrixLED_ShowColumn(2,0xad);
  13   2                      MatrixLED_ShowColumn(3,0x83);
  14   2                      MatrixLED_ShowColumn(4,0x83);
  15   2                      MatrixLED_ShowColumn(5,0xad);
  16   2                      MatrixLED_ShowColumn(6,0x42);
  17   2                      MatrixLED_ShowColumn(7,0x3c);
  18   2              }
  19   1      }
  20          


MODULE INFORMATION:   STATIC OVERLAYABLE
   CODE SIZE        =     74    ----
   CONSTANT SIZE    =   ----    ----
   XDATA SIZE       =   ----    ----
   PDATA SIZE       =   ----    ----
   DATA SIZE        =      2    ----
   IDATA SIZE       =   ----    ----
   BIT SIZE         =   ----    ----
END OF MODULE INFORMATION.


C51 COMPILATION COMPLETE.  0 WARNING(S),  0 ERROR(S)
