C51 COMPILER V9.59.0.0   TIMER0_INIT                                                       11/18/2023 10:43:43 PAGE 1   


C51 COMPILER V9.59.0.0, COMPILATION OF MODULE TIMER0_INIT
OBJECT MODULE PLACED IN .\Objects\Timer0_Init.obj
COMPILER INVOKED BY: D:\Keil_v5\C51\BIN\C51.EXE Timer0_Init.c OPTIMIZE(8,SPEED) BROWSE DEBUG OBJECTEXTEND PRINT(.\Listin
                    -gs\Timer0_Init.lst) OBJECT(.\Objects\Timer0_Init.obj)

line level    source

   1          #include <REGX51.H>
   2          
   3           /**
   4            * @brief                 定时器初始化1ms，11.0592MHz
   5            * @param                 无
   6            * @retval                无
   7            */
   8          void Timer0_Init()                  //1000us @11.0592MHz
   9          {
  10   1              TMOD &= 0xF0;                   //配置模式：打开定时器0；启用模式1；高四位不变，后四位清零
  11   1              TMOD |=0x01;            //最低位置1，高四位不变
  12   1              TL0 = 0x66;                             //配置计数范围，确定中断时间,RC版频率不一样，差值对应时间不一样，是66不是18
  13   1              TH0 = 0xFC;                             //设置定时初值
  14   1              TF0 = 0;                                //标志位清零
  15   1              TR0 = 1;                                //定时器0开始计数
  16   1              
  17   1              EA=1;                   //开启中断总开关
  18   1              ET0=1;                  //开启定时器0分开关
  19   1              PT0=0;                  //配置优先级 （0是最低）
  20   1              
  21   1      }
  22          
  23          /**
  24            * @brief  中断所执行程序模板
  25            * @param  无
  26            * @retval 无
  27            */
  28          //void Timer0_Routine () interrupt 1
  29          //{
  30          //      static unsigned int T0count;     //静态局部变量，保证不会被重新赋值
  31          
  32          //      TL0 = 0x66;                                      //确保中断时间不变
  33          //      TH0 = 0xFC;     
  34          //      T0count++;
  35          //      if(T0count == 1000)              //每隔1000毫秒进入if，灯亮灭变化
  36          //      {
  37          //              T0count=0;
  38          //              //P2_0=~P2_0;
  39          //      }
  40          //}
  41          
  42          


MODULE INFORMATION:   STATIC OVERLAYABLE
   CODE SIZE        =     23    ----
   CONSTANT SIZE    =   ----    ----
   XDATA SIZE       =   ----    ----
   PDATA SIZE       =   ----    ----
   DATA SIZE        =   ----    ----
   IDATA SIZE       =   ----    ----
   BIT SIZE         =   ----    ----
END OF MODULE INFORMATION.


C51 COMPILATION COMPLETE.  0 WARNING(S),  0 ERROR(S)
