C51 COMPILER V9.59.0.0   NIXIE                                                             03/09/2024 21:31:21 PAGE 1   


C51 COMPILER V9.59.0.0, COMPILATION OF MODULE NIXIE
OBJECT MODULE PLACED IN .\Objects\nixie.obj
COMPILER INVOKED BY: D:\Keil_v5\C51\BIN\C51.EXE nixie.c OPTIMIZE(8,SPEED) BROWSE DEBUG OBJECTEXTEND PRINT(.\Listings\nix
                    -ie.lst) OBJECT(.\Objects\nixie.obj)

line level    source

   1          #include <REGX51.H>
   2          #include "delay.h"
   3          
   4          typedef  unsigned char uchar;
   5          
   6          uchar xianshi[]={0x3f,0x06,0x5b,0x4f,0x66,0x6d,0x7d,0x07,0x7f,0x6f,0x77,0x7c,0x39,0x5e,0x79,0x71,0x00,0x40
             -};
   7          uchar nixie_Buf[9]={0,18,18,18,18,18,18,18,18};//显示数字缓存区（数组套数组）
   8          
   9          /**
  10            * @brief  
  11            * @param  
  12            * @retval 
  13            */
  14          void nixie(uchar location,number)
  15          {
  16   1              nixie_Buf[location]=number;
  17   1      }
  18          
  19          
  20          /**
  21            * @brief  从左到右，对应87654321，显示指定的数字
  22            * @param  location，数字显示的位置
  23            * @param  number，  要显示的数字
  24            * @retval 无
  25            */
  26          void nixie_xianshi(uchar location,number)
  27          {
  28   1                      P2_4 = 0;P2_3 = 0;P2_2 = 0;
  29   1                      switch(location)
  30   1                      {
  31   2                              case 8:P2_4=1;P2_3=1;P2_2=1;break;//从左到右，对应87654321
  32   2                              case 7:P2_4=1;P2_3=1;P2_2=0;break;
  33   2                              case 6:P2_4=1;P2_3=0;P2_2=1;break;
  34   2                              case 5:P2_4=1;P2_3=0;P2_2=0;break;
  35   2                              case 4:P2_4=0;P2_3=1;P2_2=1;break;
  36   2                              case 3:P2_4=0;P2_3=1;P2_2=0;break;
  37   2                              case 2:P2_4=0;P2_3=0;P2_2=1;break;
  38   2                              case 1:P2_4=0;P2_3=0;P2_2=0;break;
  39   2                      }
  40   1                      P0=xianshi[number];
  41   1                      //下面的语句适用于显示多个数字，单个数字显示会有问题
  42   1      //              delay(2);                              //消影，使上下两位数字显示留有时间间隔
  43   1      //      P2=0x00;                               //延时200us
  44   1      }
  45          
  46          
  47          /**
  48            * @brief  
  49            * @param  
  50            * @retval 
  51            */
  52          void nixie_Loop()
  53          {
C51 COMPILER V9.59.0.0   NIXIE                                                             03/09/2024 21:31:21 PAGE 2   

  54   1              static uchar i=1;
  55   1      
  56   1              nixie_xianshi(i,nixie_Buf[i]);
  57   1              i++;
  58   1              if(i == 9)i = 1;
  59   1      }


MODULE INFORMATION:   STATIC OVERLAYABLE
   CODE SIZE        =    140    ----
   CONSTANT SIZE    =   ----    ----
   XDATA SIZE       =   ----    ----
   PDATA SIZE       =   ----    ----
   DATA SIZE        =     28    ----
   IDATA SIZE       =   ----    ----
   BIT SIZE         =   ----    ----
END OF MODULE INFORMATION.


C51 COMPILATION COMPLETE.  0 WARNING(S),  0 ERROR(S)
