C51 COMPILER V9.59.0.0   INT0                                                              04/26/2023 15:47:00 PAGE 1   


C51 COMPILER V9.59.0.0, COMPILATION OF MODULE INT0
OBJECT MODULE PLACED IN .\Objects\Int0.obj
COMPILER INVOKED BY: D:\Keil_v5\C51\BIN\C51.EXE Int0.c OPTIMIZE(8,SPEED) BROWSE DEBUG OBJECTEXTEND PRINT(.\Listings\Int0
                    -.lst) OBJECT(.\Objects\Int0.obj)

line level    source

   1          #include <REGX51.H>
   2          
   3          
   4          void Int0_Init(void)
   5          {
   6   1              IT0=1; //外部中断Int0，触发条件：P3^2下降沿(独立按键K3)
   7   1              //Int0=0:触发条件为低电平，按下K3不松手则一直触发中断
   8   1              IE0=0; //中断标志位，未溢出置0
   9   1              EX0=1; //打开外部中断Int0
  10   1              EA=1;  //打开总中断
  11   1              PX0=1; //设置较高优先级
  12   1      }
  13          
  14          //外部中断执行函数
  15          //void Int0_Routine(void)  interrupt 0
  16          //{
  17          //      i++;
  18          //}


MODULE INFORMATION:   STATIC OVERLAYABLE
   CODE SIZE        =     11    ----
   CONSTANT SIZE    =   ----    ----
   XDATA SIZE       =   ----    ----
   PDATA SIZE       =   ----    ----
   DATA SIZE        =   ----    ----
   IDATA SIZE       =   ----    ----
   BIT SIZE         =   ----    ----
END OF MODULE INFORMATION.


C51 COMPILATION COMPLETE.  0 WARNING(S),  0 ERROR(S)
