C51 COMPILER V9.59.0.0   MAIN                                                              04/26/2023 16:08:04 PAGE 1   


C51 COMPILER V9.59.0.0, COMPILATION OF MODULE MAIN
OBJECT MODULE PLACED IN .\Objects\main.obj
COMPILER INVOKED BY: D:\Keil_v5\C51\BIN\C51.EXE main.c OPTIMIZE(8,SPEED) BROWSE DEBUG OBJECTEXTEND PRINT(.\Listings\main
                    -.lst) OBJECT(.\Objects\main.obj)

line level    source

   1          #include <REGX51.H>
   2          #include "key.h"
   3          #include "nixie.h"
   4          #include "delay.h"
   5          #include "Motor.h"
   6          #include "IR.h"
   7          
   8          
   9          unsigned char Command,Speed;
  10          
  11          void main ()
  12          {
  13   1              Motor_Init();
  14   1              IR_Init();
  15   1          while(1)
  16   1              {
  17   2                      if(IR_GetDataFlag())          //调节挡位
  18   2                      {
  19   3                              Command=IR_GetCommand();
  20   3                              if(Command==IR_0)Speed=0;
  21   3                              if(Command==IR_1)Speed=1;
  22   3                              if(Command==IR_2)Speed=2;                       
  23   3                              if(Command==IR_3)Speed=3;
  24   3                      }
  25   2                      nixie(8,Speed);
  26   2                      if(Speed==0)Motor_SetSpeed(0); //根据挡位设置占空比
  27   2                      if(Speed==1)Motor_SetSpeed(50);//占空比：高电平占整个周期的比值
  28   2                      if(Speed==2)Motor_SetSpeed(75);
  29   2                      if(Speed==3)Motor_SetSpeed(100);
  30   2              }
  31   1      }
  32          
  33          


MODULE INFORMATION:   STATIC OVERLAYABLE
   CODE SIZE        =    106    ----
   CONSTANT SIZE    =   ----    ----
   XDATA SIZE       =   ----    ----
   PDATA SIZE       =   ----    ----
   DATA SIZE        =      2    ----
   IDATA SIZE       =   ----    ----
   BIT SIZE         =   ----    ----
END OF MODULE INFORMATION.


C51 COMPILATION COMPLETE.  0 WARNING(S),  0 ERROR(S)
