C51 COMPILER V9.59.0.0   TIMER1_INIT                                                       04/26/2023 15:44:51 PAGE 1   


C51 COMPILER V9.59.0.0, COMPILATION OF MODULE TIMER1_INIT
OBJECT MODULE PLACED IN .\Objects\Timer1_Init.obj
COMPILER INVOKED BY: D:\Keil_v5\C51\BIN\C51.EXE Timer1_Init.c OPTIMIZE(8,SPEED) BROWSE DEBUG OBJECTEXTEND PRINT(.\Listin
                    -gs\Timer1_Init.lst) OBJECT(.\Objects\Timer1_Init.obj)

line level    source

   1          #include <REGX51.H>
   2          
   3           /**
   4            * @brief                 定时器初始化1ms，11.0592MHz
   5            * @param                 无
   6            * @retval                无
   7            */
   8          void Timer1_Init()                  //100us @11.0592MHz
   9          {
  10   1              TMOD &= 0x0F;                   //配置模式：打开定时器1；启用模式1：后四位不变，高四位清零
  11   1              TMOD |=0x10;            //最低位置1，低四位不变，继承前人原有的工作模式
  12   1              
  13   1              TL1 = 0xA4;                             //设置定时初值 
  14   1              TH1 = 0xFF;                              
  15   1      
  16   1              TF1 = 0;                                //标志位清零
  17   1              TR1 = 1;                                //定时器1开始计数
  18   1              
  19   1              EA=1;                   //开启中断总开关
  20   1              ET1=1;                  //开启定时器1分开关
  21   1              PT1=0;                  //配置优先级 （0是最低）
  22   1              
  23   1      }
  24          
  25          //中断执行程序模板
  26          
  27          //void Timer1_Routine () interrupt 3
  28          //{
  29          //      static unsigned int T1count;     //静态局部变量，保证不会被重新赋值
  30          
  31          //      TL1 = 0x66;                                      //确保中断时间不变
  32          //      TH1 = 0xFC;     
  33          //      T1count++;
  34          //      if(T1count == 1000)              //每隔1000微秒进入if，灯亮灭变化
  35          //      {
  36          //              T1count=0;
  37          //              //P2_0=~P2_0;
  38          //      }
  39          //}
  40          
  41          


MODULE INFORMATION:   STATIC OVERLAYABLE
   CODE SIZE        =     23    ----
   CONSTANT SIZE    =   ----    ----
   XDATA SIZE       =   ----    ----
   PDATA SIZE       =   ----    ----
   DATA SIZE        =   ----    ----
   IDATA SIZE       =   ----    ----
   BIT SIZE         =   ----    ----
END OF MODULE INFORMATION.


C51 COMPILATION COMPLETE.  0 WARNING(S),  0 ERROR(S)
