C51 COMPILER V9.59.0.0   TIMER0_INIT                                                       04/26/2023 15:47:01 PAGE 1   


C51 COMPILER V9.59.0.0, COMPILATION OF MODULE TIMER0_INIT
OBJECT MODULE PLACED IN .\Objects\Timer0_Init.obj
COMPILER INVOKED BY: D:\Keil_v5\C51\BIN\C51.EXE Timer0_Init.c OPTIMIZE(8,SPEED) BROWSE DEBUG OBJECTEXTEND PRINT(.\Listin
                    -gs\Timer0_Init.lst) OBJECT(.\Objects\Timer0_Init.obj)

line level    source

   1          #include <REGX51.H>
   2          
   3           /**
   4            * @brief                 改装计数器，计算程序运行时间
   5            * @param                 无
   6            * @retval                无
   7            */
   8          void Timer0_Init()                  //1000us @11.0592MHz
   9          {
  10   1              TMOD &= 0xF0;                   //配置模式：打开定时器0；启用模式1；高四位不变，后四位清零
  11   1              TMOD |=0x01;            //最低位置1，高四位不变
  12   1              TL0 = 0;                                 
  13   1              TH0 = 0;                                //设置计数初值
  14   1              TF0 = 0;                                //标志位清零
  15   1              TR0 = 0;                                //暂时停止计数
  16   1      }
  17          
  18          
  19          
  20           /**
  21            * @brief  设置计数初值
  22            * @param  十六位初值
  23            * @retval 无
  24            */
  25          void Timer0_SetCounter(unsigned int Value)
  26          {
  27   1              TH0=Value/256;
  28   1              TL0=Value%256;
  29   1      }
  30          
  31          
  32          
  33          /**
  34            * @brief  得到当前计数
  35            * @param  无
  36            * @retval 计数值
  37            */
  38          unsigned int Timer0_GetCounter(void)
  39          {
  40   1              return (TH0<<8)|TL0;
  41   1      }
  42          
  43          
  44          
  45          /**
  46            * @brief  开始计数
  47            * @param  Flag:置一则运行，置零停止计数
  48            * @retval 无
  49            */
  50          void Timer0_Run(unsigned char Flag)
  51          {
  52   1              TR0=Flag;
  53   1      }
  54          
C51 COMPILER V9.59.0.0   TIMER0_INIT                                                       04/26/2023 15:47:01 PAGE 2   

  55          
  56          
  57          
  58          
  59          


MODULE INFORMATION:   STATIC OVERLAYABLE
   CODE SIZE        =     42    ----
   CONSTANT SIZE    =   ----    ----
   XDATA SIZE       =   ----    ----
   PDATA SIZE       =   ----    ----
   DATA SIZE        =   ----    ----
   IDATA SIZE       =   ----    ----
   BIT SIZE         =   ----    ----
END OF MODULE INFORMATION.


C51 COMPILATION COMPLETE.  0 WARNING(S),  0 ERROR(S)
