C51 COMPILER V9.59.0.0   MAIN                                                              04/20/2023 20:54:57 PAGE 1   


C51 COMPILER V9.59.0.0, COMPILATION OF MODULE MAIN
OBJECT MODULE PLACED IN .\Objects\main.obj
COMPILER INVOKED BY: D:\Keil_v5\C51\BIN\C51.EXE main.c OPTIMIZE(8,SPEED) BROWSE DEBUG OBJECTEXTEND PRINT(.\Listings\main
                    -.lst) OBJECT(.\Objects\main.obj)

line level    source

   1          #include <REGX51.H>
   2          #include "delay.h"
   3          void main ()
   4          {
   5   1              while(1)
   6   1              {
   7   2                      if(P3_1==0)
   8   2                      {
   9   3                              delay(20);      //按下防抖  抖动时间为5~10ms
  10   3                              while(P3_1==0); //判断是否松开
  11   3                              delay(20);      //松开防抖
  12   3                              P2_0=~P2_0;     //==0
  13   3                      }
  14   2              }
  15   1              
  16   1      }


MODULE INFORMATION:   STATIC OVERLAYABLE
   CODE SIZE        =     24    ----
   CONSTANT SIZE    =   ----    ----
   XDATA SIZE       =   ----    ----
   PDATA SIZE       =   ----    ----
   DATA SIZE        =   ----    ----
   IDATA SIZE       =   ----    ----
   BIT SIZE         =   ----    ----
END OF MODULE INFORMATION.


C51 COMPILATION COMPLETE.  0 WARNING(S),  0 ERROR(S)
