C51 COMPILER V9.59.0.0   MAIN                                                              04/22/2023 16:32:10 PAGE 1   


C51 COMPILER V9.59.0.0, COMPILATION OF MODULE MAIN
OBJECT MODULE PLACED IN .\Objects\main.obj
COMPILER INVOKED BY: D:\Keil_v5\C51\BIN\C51.EXE main.c OPTIMIZE(8,SPEED) BROWSE DEBUG OBJECTEXTEND PRINT(.\Listings\main
                    -.lst) OBJECT(.\Objects\main.obj)

line level    source

   1          #include <REGX51.H>
   2          #include "key.h"
   3          #include "nixie.h"
   4          #include "delay.h"
   5          #include "Timer0_Init.h"
   6          
   7          sbit DA = P2^1;       //PWM（DAC）运行口，1工作,操作了一个灯
   8          
   9          unsigned char i;
  10          unsigned char Compare;
  11          
  12          void main ()
  13          {
  14   1              Timer0_Init();
  15   1               
  16   1          while(1)
  17   1              {
  18   2                       for(i=0;i<100;i++)
  19   2                      {
  20   3                              Compare=i;
  21   3                              delay(1);
  22   3                      }
  23   2                       for(i=100;i>0;i--)
  24   2                      {
  25   3                              Compare=i;
  26   3                              delay(1);
  27   3                      }
  28   2              }
  29   1      }
  30          
  31          void Timer0_Routine () interrupt 1
  32          {
  33   1              static unsigned int T0count;     //静态局部变量，保证不会被重新赋值
  34   1      
  35   1              TL0 = 0xA4;                                      //确保中断时间不变,每隔100us进来一次
  36   1              TH0 = 0xFF;     
  37   1              T0count++;
  38   1              T0count%=100;                    //100us*10为一周期
  39   1              if(T0count<Compare)              //小于比较值时置高电平
  40   1              {
  41   2                      DA=1; 
  42   2              }
  43   1              else                             //大于比较值时置低电平
  44   1              {
  45   2                      DA=0; 
  46   2              }
  47   1      }
  48          
  49          


MODULE INFORMATION:   STATIC OVERLAYABLE
   CODE SIZE        =    140    ----
   CONSTANT SIZE    =   ----    ----
C51 COMPILER V9.59.0.0   MAIN                                                              04/22/2023 16:32:10 PAGE 2   

   XDATA SIZE       =   ----    ----
   PDATA SIZE       =   ----    ----
   DATA SIZE        =      4    ----
   IDATA SIZE       =   ----    ----
   BIT SIZE         =   ----    ----
END OF MODULE INFORMATION.


C51 COMPILATION COMPLETE.  0 WARNING(S),  0 ERROR(S)
