C51 COMPILER V9.59.0.0   DELAY                                                             05/07/2023 08:17:22 PAGE 1   


C51 COMPILER V9.59.0.0, COMPILATION OF MODULE DELAY
OBJECT MODULE PLACED IN .\Objects\delay.obj
COMPILER INVOKED BY: D:\Keil_v5\C51\BIN\C51.EXE delay.c OPTIMIZE(8,SPEED) BROWSE DEBUG OBJECTEXTEND PRINT(.\Listings\del
                    -ay.lst) OBJECT(.\Objects\delay.obj)

line level    source

   1          #include <INTRINS.H>
   2           
   3           /************注意这里是100us**********/
   4          void delay (unsigned int x100us)                //@11.0592MHz
   5          {
   6   1              unsigned char i, j;
   7   1              while(x100us--)
   8   1              {
   9   2                      _nop_();
  10   2                      _nop_();
  11   2                      i = 2;
  12   2                      j = 15;
  13   2                      do
  14   2                      {
  15   3                              while (--j);
  16   3                      } while (--i);
  17   2              }
  18   1      }


MODULE INFORMATION:   STATIC OVERLAYABLE
   CODE SIZE        =     23    ----
   CONSTANT SIZE    =   ----    ----
   XDATA SIZE       =   ----    ----
   PDATA SIZE       =   ----    ----
   DATA SIZE        =   ----    ----
   IDATA SIZE       =   ----    ----
   BIT SIZE         =   ----    ----
END OF MODULE INFORMATION.


C51 COMPILATION COMPLETE.  0 WARNING(S),  0 ERROR(S)
