C51 COMPILER V9.59.0.0   MAIN                                                              04/20/2023 21:29:40 PAGE 1   


C51 COMPILER V9.59.0.0, COMPILATION OF MODULE MAIN
OBJECT MODULE PLACED IN .\Objects\main.obj
COMPILER INVOKED BY: D:\Keil_v5\C51\BIN\C51.EXE main.c OPTIMIZE(8,SPEED) BROWSE DEBUG OBJECTEXTEND PRINT(.\Listings\main
                    -.lst) OBJECT(.\Objects\main.obj)

line level    source

   1          #include <REGX51.H>
   2          #include "delay.h"
   3          
   4          void main()
   5          {
   6   1              unsigned char LEDNum=0;     //不能放里面，会重定义
   7   1              P2=~0X01;
   8   1              while(1)
   9   1              {
  10   2                      if(P3_1==0)
  11   2                      {
  12   3                              delay(20);
  13   3                              while(P3_1==0);
  14   3                              delay(20);
  15   3                              LEDNum++;
  16   3                              if(LEDNum==8)
  17   3                              {
  18   4                                      LEDNum=0;
  19   4                              }
  20   3                              P2=~(0x01<<LEDNum);
  21   3                              //P2=~((~P2)<<1);  该句行不通，一直左移超出了8位的范围
  22   3                      }
  23   2                      if(P3_0==0)
  24   2                      {
  25   3                              delay(20);
  26   3                              while(P3_0==0);
  27   3                              delay(20);
  28   3                              if(LEDNum==0)
  29   3                              {
  30   4                                      LEDNum=7;
  31   4                              }
  32   3                              else
  33   3                              LEDNum--;                   //位移减少一位
  34   3                              P2=~(0x01<<LEDNum);         //二进制位运算，取反值
  35   3                              //P2=~((~P2)>>1);  该句行不通，一直右移超出了8位的范围
  36   3      
  37   3                      }
  38   2              }
  39   1      }


MODULE INFORMATION:   STATIC OVERLAYABLE
   CODE SIZE        =    101    ----
   CONSTANT SIZE    =   ----    ----
   XDATA SIZE       =   ----    ----
   PDATA SIZE       =   ----    ----
   DATA SIZE        =   ----       1
   IDATA SIZE       =   ----    ----
   BIT SIZE         =   ----    ----
END OF MODULE INFORMATION.


C51 COMPILATION COMPLETE.  0 WARNING(S),  0 ERROR(S)
