C51 COMPILER V9.59.0.0   KEY                                                               04/16/2023 14:21:48 PAGE 1   


C51 COMPILER V9.59.0.0, COMPILATION OF MODULE KEY
OBJECT MODULE PLACED IN .\Objects\Key.obj
COMPILER INVOKED BY: D:\Keil_v5\C51\BIN\C51.EXE Key.c OPTIMIZE(8,SPEED) BROWSE DEBUG OBJECTEXTEND PRINT(.\Listings\Key.l
                    -st) OBJECT(.\Objects\Key.obj)

line level    source

   1          #include <REGX51.H>
   2          #include "delay.h"
   3          #include <intrins.h>
   4          
   5          int Key ()
   6          {
   7   1              unsigned char KeyNum=0;
   8   1              if(P3_1==0){delay(20);while(P3_1==0);delay(20);KeyNum=1;}
   9   1              if(P3_0==0){delay(20);while(P3_0==0);delay(20);KeyNum=2;}
  10   1              if(P3_2==0){delay(20);while(P3_2==0);delay(20);KeyNum=3;}
  11   1              if(P3_3==0){delay(20);while(P3_3==0);delay(20);KeyNum=4;}
  12   1              
  13   1              return KeyNum;
  14   1      }


MODULE INFORMATION:   STATIC OVERLAYABLE
   CODE SIZE        =     99    ----
   CONSTANT SIZE    =   ----    ----
   XDATA SIZE       =   ----    ----
   PDATA SIZE       =   ----    ----
   DATA SIZE        =   ----       1
   IDATA SIZE       =   ----    ----
   BIT SIZE         =   ----    ----
END OF MODULE INFORMATION.


C51 COMPILATION COMPLETE.  0 WARNING(S),  0 ERROR(S)
