C51 COMPILER V9.59.0.0   MAIN                                                              04/16/2023 14:56:32 PAGE 1   


C51 COMPILER V9.59.0.0, COMPILATION OF MODULE MAIN
OBJECT MODULE PLACED IN .\Objects\main.obj
COMPILER INVOKED BY: D:\Keil_v5\C51\BIN\C51.EXE main.c OPTIMIZE(8,SPEED) BROWSE DEBUG OBJECTEXTEND PRINT(.\Listings\main
                    -.lst) OBJECT(.\Objects\main.obj)

line level    source

   1          #include <REGX51.H>
   2          #include "key.h"
   3          #include "nixie.h"
   4          #include "delay.h"
   5          #include "Timer0_Init.h"
   6          
   7          sbit Motor = P1^0;
   8          
   9          unsigned char KeyNum,Speed;
  10          unsigned char Compare;
  11          void main ()
  12          {
  13   1              Timer0_Init();
  14   1               
  15   1          while(1)
  16   1              {
  17   2                      KeyNum=Key();
  18   2                       
  19   2                      if(KeyNum==1)          //调节挡位
  20   2                      {
  21   3                              Speed++;
  22   3                              Speed%=4;
  23   3                      }
  24   2                      nixie(8,Speed);
  25   2                      if(Speed==0)Compare=0; //根据挡位设置占空比
  26   2                      if(Speed==1)Compare=50;//占空比：高电平占整个周期的比值
  27   2                      if(Speed==2)Compare=75;
  28   2                      if(Speed==3)Compare=100;
  29   2              }
  30   1      }
  31          
  32          void Timer0_Routine () interrupt 1
  33          {
  34   1              static unsigned int T0count;     //静态局部变量，保证不会被重新赋值
  35   1      
  36   1              TL0 = 0xA4;                                      //确保中断时间不变,每隔100us进来一次
  37   1              TH0 = 0xFF;     
  38   1              T0count++;
  39   1              T0count%=100;                    //100us*10为一周期
  40   1              if(T0count<Compare)              //小于比较值时置高电平
  41   1              {
  42   2                      Motor=1;//电机高电平转
  43   2              }
  44   1              else                             //大于比较值时置低电平
  45   1              {
  46   2                      Motor=0;//电机低电平不转
  47   2              }
  48   1      }
  49          
  50          


MODULE INFORMATION:   STATIC OVERLAYABLE
   CODE SIZE        =    147    ----
C51 COMPILER V9.59.0.0   MAIN                                                              04/16/2023 14:56:32 PAGE 2   

   CONSTANT SIZE    =   ----    ----
   XDATA SIZE       =   ----    ----
   PDATA SIZE       =   ----    ----
   DATA SIZE        =      5    ----
   IDATA SIZE       =   ----    ----
   BIT SIZE         =   ----    ----
END OF MODULE INFORMATION.


C51 COMPILATION COMPLETE.  0 WARNING(S),  0 ERROR(S)
