C51 COMPILER V9.59.0.0   MAIN                                                              04/20/2023 21:01:55 PAGE 1   


C51 COMPILER V9.59.0.0, COMPILATION OF MODULE MAIN
OBJECT MODULE PLACED IN .\Objects\main.obj
COMPILER INVOKED BY: D:\Keil_v5\C51\BIN\C51.EXE main.c OPTIMIZE(8,SPEED) BROWSE DEBUG OBJECTEXTEND PRINT(.\Listings\main
                    -.lst) OBJECT(.\Objects\main.obj)

line level    source

   1          #include <REGX51.H>
   2          #include "delay.h"
   3          
   4          
   5          void main()
   6          {
   7   1              while(1)
   8   1              {
   9   2                      if(P3_0==0&&P3_1==0)    // 两个同时按下     
  10   2                      {
  11   3                              delay(20);
  12   3                              while(P3_0==0&&P3_1==0);
  13   3                              delay(20);
  14   3                              P2_0=~P2_0;
  15   3                              P2_1=~P2_1;
  16   3                      }
  17   2                      else if(P3_2==0)
  18   2                      {
  19   3                              delay(20);
  20   3                              while(P3_0==0);
  21   3                              delay(20);
  22   3                              P2_7=~P2_7;
  23   3                      }
  24   2              }
  25   1      }


MODULE INFORMATION:   STATIC OVERLAYABLE
   CODE SIZE        =     56    ----
   CONSTANT SIZE    =   ----    ----
   XDATA SIZE       =   ----    ----
   PDATA SIZE       =   ----    ----
   DATA SIZE        =   ----    ----
   IDATA SIZE       =   ----    ----
   BIT SIZE         =   ----    ----
END OF MODULE INFORMATION.


C51 COMPILATION COMPLETE.  0 WARNING(S),  0 ERROR(S)
