C51 COMPILER V9.59.0.0   MAIN                                                              04/20/2023 20:39:31 PAGE 1   


C51 COMPILER V9.59.0.0, COMPILATION OF MODULE MAIN
OBJECT MODULE PLACED IN .\Objects\main.obj
COMPILER INVOKED BY: D:\Keil_v5\C51\BIN\C51.EXE main.c OPTIMIZE(8,SPEED) BROWSE DEBUG OBJECTEXTEND PRINT(.\Listings\main
                    -.lst) OBJECT(.\Objects\main.obj)

line level    source

   1          #include <REGX51.H>
   2          #include "delay.h"
   3          
   4          void main()
   5          {
   6   1              while(1)
   7   1              {
   8   2                      P2=0xfe; //1111 1110
   9   2                      delay (50);
  10   2                      P2=0xfd; //1111 1101
  11   2                      delay (50);
  12   2                      P2=0xfb; //1111 1011
  13   2                      delay (50);
  14   2                      P2=0xf7; //1111 0111
  15   2                      delay (50);
  16   2                      P2=0xef; //1110 1111
  17   2                      delay (50);
  18   2                      P2=0xdf; //1101 1111
  19   2                      delay (50);
  20   2                      P2=0xbf; //1011 1111
  21   2                      delay (50);
  22   2                      P2=0x7f; //0111 1111
  23   2                      delay (50);
  24   2              }
  25   1      }


MODULE INFORMATION:   STATIC OVERLAYABLE
   CODE SIZE        =     82    ----
   CONSTANT SIZE    =   ----    ----
   XDATA SIZE       =   ----    ----
   PDATA SIZE       =   ----    ----
   DATA SIZE        =   ----    ----
   IDATA SIZE       =   ----    ----
   BIT SIZE         =   ----    ----
END OF MODULE INFORMATION.


C51 COMPILATION COMPLETE.  0 WARNING(S),  0 ERROR(S)
