C51 COMPILER V9.59.0.0   MAIN                                                              04/20/2023 21:08:28 PAGE 1   


C51 COMPILER V9.59.0.0, COMPILATION OF MODULE MAIN
OBJECT MODULE PLACED IN .\Objects\main.obj
COMPILER INVOKED BY: D:\Keil_v5\C51\BIN\C51.EXE main.c OPTIMIZE(8,SPEED) BROWSE DEBUG OBJECTEXTEND PRINT(.\Listings\main
                    -.lst) OBJECT(.\Objects\main.obj)

line level    source

   1          #include <REGX51.H>
   2          #include "delay.h"
   3           
   4          void main()
   5          {
   6   1              unsigned char LEDNum = 0;        //不能放里面，会重定义
   7   1              while(1)
   8   1              {
   9   2                      if(P3_1==0)
  10   2                      {
  11   3                              delay(20);
  12   3                              while(P3_1==0);              //P3检验按键，P2负责亮灭
  13   3                              delay(20);
  14   3                              
  15   3                              LEDNum++;                    //它的值是二进制，但由于0亮1灭，所以要取反值
  16   3                              P2=~LEDNum;
  17   3                      }
  18   2              }
  19   1      }


MODULE INFORMATION:   STATIC OVERLAYABLE
   CODE SIZE        =     32    ----
   CONSTANT SIZE    =   ----    ----
   XDATA SIZE       =   ----    ----
   PDATA SIZE       =   ----    ----
   DATA SIZE        =   ----       1
   IDATA SIZE       =   ----    ----
   BIT SIZE         =   ----    ----
END OF MODULE INFORMATION.


C51 COMPILATION COMPLETE.  0 WARNING(S),  0 ERROR(S)
