C51 COMPILER V9.59.0.0   MAIN                                                              04/16/2023 10:32:50 PAGE 1   


C51 COMPILER V9.59.0.0, COMPILATION OF MODULE MAIN
OBJECT MODULE PLACED IN .\Objects\main.obj
COMPILER INVOKED BY: D:\Keil_v5\C51\BIN\C51.EXE main.c OPTIMIZE(8,SPEED) BROWSE DEBUG OBJECTEXTEND PRINT(.\Listings\main
                    -.lst) OBJECT(.\Objects\main.obj)

line level    source

   1          #include <REGX51.H>
   2          #include "delay.h"
   3          #include "UART.h"
   4          
   5          uchar a;
   6          
   7          void main ()                      //波特率越低越稳定
   8          {
   9   1              UART_Init();
  10   1          
  11   1              while(1);                     //卡住程序，防止重新运行，很重要的一步
  12   1      }
  13          void UART_Routine()   interrupt 4 //串口中断对应中断号
  14          {
  15   1              if(RI==1)                     //发送和接收中断占用的是一个通道，都会触发中断函数，加if判断防止误触
  16   1              {
  17   2                      P2=~SBUF;
  18   2                      UART_SendByte(SBUF);  
  19   2                      RI=0;                        //（手动）软件复位
  20   2              }
  21   1      }
  22          


MODULE INFORMATION:   STATIC OVERLAYABLE
   CODE SIZE        =     76    ----
   CONSTANT SIZE    =   ----    ----
   XDATA SIZE       =   ----    ----
   PDATA SIZE       =   ----    ----
   DATA SIZE        =      1    ----
   IDATA SIZE       =   ----    ----
   BIT SIZE         =   ----    ----
END OF MODULE INFORMATION.


C51 COMPILATION COMPLETE.  0 WARNING(S),  0 ERROR(S)
