C51 COMPILER V9.59.0.0   INT0_INIT                                                         10/31/2023 14:34:32 PAGE 1   


C51 COMPILER V9.59.0.0, COMPILATION OF MODULE INT0_INIT
OBJECT MODULE PLACED IN .\Objects\INT0_Init.obj
COMPILER INVOKED BY: D:\Keil_v5\C51\BIN\C51.EXE INT0_Init.c OPTIMIZE(8,SPEED) BROWSE DEBUG OBJECTEXTEND PRINT(.\Listings
                    -\INT0_Init.lst) OBJECT(.\Objects\INT0_Init.obj)

line level    source

   1          #include <REGF51RC.H>
   2          
   3          void INT0_Init(void)
   4          {
   5   1              //中断初始化
   6   1              EA=1; 
   7   1              EX0=1;
   8   1              IT0=1;  
   9   1      }
  10          
  11          ////外部中断函数模板
  12          //void int0() interrupt 0
  13          //{
  14          //      
  15          //}


MODULE INFORMATION:   STATIC OVERLAYABLE
   CODE SIZE        =      7    ----
   CONSTANT SIZE    =   ----    ----
   XDATA SIZE       =   ----    ----
   PDATA SIZE       =   ----    ----
   DATA SIZE        =   ----    ----
   IDATA SIZE       =   ----    ----
   BIT SIZE         =   ----    ----
END OF MODULE INFORMATION.


C51 COMPILATION COMPLETE.  0 WARNING(S),  0 ERROR(S)
