C51 COMPILER V9.59.0.0   INT1_INIT                                                         11/02/2023 14:34:26 PAGE 1   


C51 COMPILER V9.59.0.0, COMPILATION OF MODULE INT1_INIT
OBJECT MODULE PLACED IN .\Objects\INT1_Init.obj
COMPILER INVOKED BY: D:\Keil_v5\C51\BIN\C51.EXE INT1_Init.c OPTIMIZE(8,SPEED) BROWSE DEBUG OBJECTEXTEND PRINT(.\Listings
                    -\INT1_Init.lst) OBJECT(.\Objects\INT1_Init.obj)

line level    source

   1          #include <REGF51RC.H>
   2          
   3          void INT1_Init(void)
   4          {
   5   1              //中断初始化
   6   1              EA=1; 
   7   1              EX1=1;
   8   1              IT1=1;  
   9   1      }
  10          
  11          ////外部中断函数模板
  12          //void int1() interrupt 1
  13          //{
  14          //      
  15          //}


MODULE INFORMATION:   STATIC OVERLAYABLE
   CODE SIZE        =      7    ----
   CONSTANT SIZE    =   ----    ----
   XDATA SIZE       =   ----    ----
   PDATA SIZE       =   ----    ----
   DATA SIZE        =   ----    ----
   IDATA SIZE       =   ----    ----
   BIT SIZE         =   ----    ----
END OF MODULE INFORMATION.


C51 COMPILATION COMPLETE.  0 WARNING(S),  0 ERROR(S)
