C51 COMPILER V9.59.0.0   KEY                                                               05/07/2023 11:03:01 PAGE 1   


C51 COMPILER V9.59.0.0, COMPILATION OF MODULE KEY
OBJECT MODULE PLACED IN .\Objects\Key.obj
COMPILER INVOKED BY: D:\Keil_v5\C51\BIN\C51.EXE Key.c OPTIMIZE(8,SPEED) BROWSE DEBUG OBJECTEXTEND PRINT(.\Listings\Key.l
                    -st) OBJECT(.\Objects\Key.obj)

line level    source

   1          #include <REGX51.H>
   2          #include "delay.h"
   3          
   4          unsigned  char Keynum;
   5          
   6          unsigned char Key(void)
   7          {
   8   1              Keynum=0;
   9   1              if(P3_1==0){delay(20);while(P3_1==0);delay(20);Keynum=1;}
  10   1              if(P3_0==0){delay(20);while(P3_0==0);delay(20);Keynum=2;}
  11   1              if(P3_2==0){delay(20);while(P3_2==0);delay(20);Keynum=3;}
  12   1              if(P3_3==0){delay(20);while(P3_3==0);delay(20);Keynum=4;}
  13   1              
  14   1              return Keynum;
  15   1      }


MODULE INFORMATION:   STATIC OVERLAYABLE
   CODE SIZE        =     97    ----
   CONSTANT SIZE    =   ----    ----
   XDATA SIZE       =   ----    ----
   PDATA SIZE       =   ----    ----
   DATA SIZE        =      1    ----
   IDATA SIZE       =   ----    ----
   BIT SIZE         =   ----    ----
END OF MODULE INFORMATION.


C51 COMPILATION COMPLETE.  0 WARNING(S),  0 ERROR(S)
