C51 COMPILER V9.59.0.0   TIMER0_INIT                                                       05/07/2023 09:30:58 PAGE 1   


C51 COMPILER V9.59.0.0, COMPILATION OF MODULE TIMER0_INIT
OBJECT MODULE PLACED IN .\Objects\Timer0_Init.obj
COMPILER INVOKED BY: D:\Keil_v5\C51\BIN\C51.EXE Timer0_Init.c OPTIMIZE(8,SPEED) BROWSE DEBUG OBJECTEXTEND PRINT(.\Listin
                    -gs\Timer0_Init.lst) OBJECT(.\Objects\Timer0_Init.obj)

line level    source

   1          #include <REGX51.H>
   2          
   3          void Timer0_Init(void)
   4          {
   5   1              TMOD &= 0xF0;   
   6   1              TMOD |= 0x01;   
   7   1              TL0 = 0x66;      
   8   1              TH0 = 0xFC;             
   9   1              TF0 = 0;                
  10   1              TR0 = 1;                
  11   1              ET0=1;
  12   1              EA=1;
  13   1              PT0=0;
  14   1      }
  15          
  16          
  17           
  18          //void Timer0_Routine() interrupt 1
  19          //{
  20          //      static unsigned int T0Count;
  21          //      TL0 = 0x66;             //??????
  22          //      TH0 = 0xFC;             //??????
  23          //      T0Count++;
  24          //      if(T0Count>=1000)
  25          //      {
  26          //              T0Count=0;
  27          //              
  28          //      }
  29          //}
  30           


MODULE INFORMATION:   STATIC OVERLAYABLE
   CODE SIZE        =     23    ----
   CONSTANT SIZE    =   ----    ----
   XDATA SIZE       =   ----    ----
   PDATA SIZE       =   ----    ----
   DATA SIZE        =   ----    ----
   IDATA SIZE       =   ----    ----
   BIT SIZE         =   ----    ----
END OF MODULE INFORMATION.


C51 COMPILATION COMPLETE.  0 WARNING(S),  0 ERROR(S)
