C51 COMPILER V9.59.0.0   MAIN                                                              04/08/2023 20:30:31 PAGE 1   


C51 COMPILER V9.59.0.0, COMPILATION OF MODULE MAIN
OBJECT MODULE PLACED IN .\Objects\main.obj
COMPILER INVOKED BY: D:\Keil_v5\C51\BIN\C51.EXE main.c OPTIMIZE(8,SPEED) BROWSE DEBUG OBJECTEXTEND PRINT(.\Listings\main
                    -.lst) OBJECT(.\Objects\main.obj)

line level    source

   1          #include <REGX51.H>
   2          #include <LCD1602.h>
   3          #include "key.h"
   4          #include "AT24C02.h"
   5          #include "delay.h"
   6          
   7          
   8          unsigned char Num,KeyNum,Data;
   9          void main ()
  10          {
  11   1              LCD_Init();
  12   1      
  13   1              while(1)
  14   1              {
  15   2                      KeyNum=Key();
  16   2                      if(KeyNum)
  17   2                      {
  18   3                              if(KeyNum==1)
  19   3                              {
  20   4                                      Num++;
  21   4                                      LCD_ShowNum(1,1,Num,2);
  22   4                              }
  23   3                              if(KeyNum==2)
  24   3                              {
  25   4                                      Num--;
  26   4                                      LCD_ShowNum(1,1,Num,2);
  27   4                              }
  28   3                              if(KeyNum==3)
  29   3                              {
  30   4                                      AT24C02_WriteByte(0,Num%256);
  31   4                                      delay(5);
  32   4                                      AT24C02_WriteByte(1,Num/256);
  33   4                                      delay(5);
  34   4                                      LCD_ShowString(1,9,"Write Ok!");
  35   4                                      delay(100);
  36   4                                      LCD_ShowString(1,9,"         ");
  37   4                              }
  38   3                              if(KeyNum==4)
  39   3                              {
  40   4                                      Num=AT24C02_ReadByte(0);
  41   4                                      Num|=AT24C02_ReadByte(1)<<8;
  42   4                                      LCD_ShowNum(1,1,Num,2);
  43   4                                      LCD_ShowString(1,9,"Read Ok!");
  44   4                                      delay(100);
  45   4                                      LCD_ShowString(1,9,"        ");
  46   4                              }
  47   3                      }
  48   2              }
  49   1      }
  50            
  51          
  52          
  53          

C51 COMPILER V9.59.0.0   MAIN                                                              04/08/2023 20:30:31 PAGE 2   


MODULE INFORMATION:   STATIC OVERLAYABLE
   CODE SIZE        =    193    ----
   CONSTANT SIZE    =     38    ----
   XDATA SIZE       =   ----    ----
   PDATA SIZE       =   ----    ----
   DATA SIZE        =      3    ----
   IDATA SIZE       =   ----    ----
   BIT SIZE         =   ----    ----
END OF MODULE INFORMATION.


C51 COMPILATION COMPLETE.  0 WARNING(S),  0 ERROR(S)
