C51 COMPILER V9.60.7.0   MAIN                                                              03/09/2024 21:52:07 PAGE 1   


C51 COMPILER V9.60.7.0, COMPILATION OF MODULE MAIN
OBJECT MODULE PLACED IN .\Objects\main.obj
COMPILER INVOKED BY: C:\C51\BIN\C51.EXE main.c OPTIMIZE(8,SPEED) BROWSE DEBUG OBJECTEXTEND PRINT(.\Listings\main.lst) TA
                    -BS(2) OBJECT(.\Objects\main.obj)

line level    source

   1          #include <REGX52.H>
   2          #include "Delay.h"
   3          #include "MatrixKey.h"
   4          #include "Nixie.h"
   5          
   6          unsigned char Number;
   7          unsigned char flag;
   8          unsigned char test_1=2;
   9          unsigned char test_2=3;
  10          unsigned char location=1;
  11          void main()
  12          {
  13   1        
  14   1        unsigned char i = 6;
  15   1        
  16   1        while(1)
  17   1        {
  18   2          if(P3_1==0)     
  19   2          {
  20   3            Delay(20);    
  21   3            while(P3_1==0); 
  22   3            Delay(20);    
  23   3            
  24   3            P2_0=~P2_0;   
  25   3          }
  26   2          
  27   2          
  28   2          
  29   2          flag=MatrixKey();
  30   2          if(flag)
  31   2          { 
  32   3            if(location==1)
  33   3            {
  34   4              test_1=flag;
  35   4              location++;
  36   4            }
  37   3            else if(location==2)
  38   3            {
  39   4              test_2=flag;
  40   4              location=1;
  41   4            }
  42   3            
  43   3          }
  44   2          Nixie(1,test_1);
  45   2          Nixie(2,test_2);
  46   2          Nixie(3,10);
  47   2          Nixie(4,2);
  48   2          Nixie(5,9);
  49   2          Nixie(6,10);
  50   2          Nixie(7,5);
  51   2          Nixie(8,i);
  52   2          if(P3_0==0)
  53   2          {   
  54   3              Delay(20);
C51 COMPILER V9.60.7.0   MAIN                                                              03/09/2024 21:52:07 PAGE 2   

  55   3              while(P3_0==0);
  56   3              Delay(20);
  57   3              i--;
  58   3            if(i==-1)
  59   3            {
  60   4              i=9;
  61   4            }
  62   3          
  63   3          }
  64   2          if(P3_2==0)
  65   2          {
  66   3              Delay(20);
  67   3              while(P3_2==0);
  68   3              Delay(20);
  69   3              i++;
  70   3            if(i==10)
  71   3            {
  72   4              i=0;
  73   4            }
  74   3          }
  75   2        }
  76   1      }
  77            
  78          


MODULE INFORMATION:   STATIC OVERLAYABLE
   CODE SIZE        =    217    ----
   CONSTANT SIZE    =   ----    ----
   XDATA SIZE       =   ----    ----
   PDATA SIZE       =   ----    ----
   DATA SIZE        =      5       1
   IDATA SIZE       =   ----    ----
   BIT SIZE         =   ----    ----
END OF MODULE INFORMATION.


C51 COMPILATION COMPLETE.  0 WARNING(S),  0 ERROR(S)
