C51 COMPILER V9.59.0.0   TIMESET                                                           04/04/2023 20:38:01 PAGE 1   


C51 COMPILER V9.59.0.0, COMPILATION OF MODULE TIMESET
OBJECT MODULE PLACED IN .\Objects\TimeSet.obj
COMPILER INVOKED BY: D:\Keil_v5\C51\BIN\C51.EXE TimeSet.c OPTIMIZE(8,SPEED) BROWSE DEBUG OBJECTEXTEND PRINT(.\Listings\T
                    -imeSet.lst) OBJECT(.\Objects\TimeSet.obj)

line level    source

   1          #include <REGX51.H>
   2          #include "LCD1602.h"
   3          #include "DS1302.h"
   4          #include "Timer0_Init.h"
   5          #include "Key.h"
   6          
   7          
   8          extern unsigned char KeyNum,MODE,TimeSelect,FlashFlag;
   9          extern char DS1302_Time[];
*** WARNING C231 IN LINE 9 OF TimeSet.c: 'DS1302_Time': redefinition


MODULE INFORMATION:   STATIC OVERLAYABLE
   CODE SIZE        =   ----    ----
   CONSTANT SIZE    =   ----    ----
   XDATA SIZE       =   ----    ----
   PDATA SIZE       =   ----    ----
   DATA SIZE        =   ----    ----
   IDATA SIZE       =   ----    ----
   BIT SIZE         =   ----    ----
END OF MODULE INFORMATION.


C51 COMPILATION COMPLETE.  1 WARNING(S),  0 ERROR(S)
