C51 COMPILER V9.59.0.0   OLED                                                              12/28/2023 19:04:47 PAGE 1   


C51 COMPILER V9.59.0.0, COMPILATION OF MODULE OLED
OBJECT MODULE PLACED IN .\Objects\OLED.obj
COMPILER INVOKED BY: D:\Keil_v5\C51\BIN\C51.EXE OLED.c LARGE OPTIMIZE(8,SPEED) BROWSE DEBUG OBJECTEXTEND PRINT(.\Listing
                    -s\OLED.lst) OBJECT(.\Objects\OLED.obj)

line level    source

   1          #include <REGX51.H>
   2          #include "OLED.h"
   3          #include "OLED_Font.h"           
   4          //OLED的显存
   5          //存放格式如下.
   6          //[0]0 1 2 3 ... 127    
   7          //[1]0 1 2 3 ... 127    
   8          //[2]0 1 2 3 ... 127    
   9          //[3]0 1 2 3 ... 127    
  10          //[4]0 1 2 3 ... 127    
  11          //[5]0 1 2 3 ... 127    
  12          //[6]0 1 2 3 ... 127    
  13          //[7]0 1 2 3 ... 127                       
  14          
  15          
  16          
  17          /**********************************************
  18          //IIC Start
  19          **********************************************/
  20          void IIC_Start()
  21          {
  22   1      
  23   1              OLED_SCLK_Set() ;
  24   1              OLED_SDIN_Set();
  25   1              OLED_SDIN_Clr();
  26   1              OLED_SCLK_Clr();
  27   1      }
  28          
  29          /**********************************************
  30          //IIC Stop
  31          **********************************************/
  32          void IIC_Stop()
  33          {
  34   1              OLED_SCLK_Set() ;
  35   1      //      OLED_SCLK_Clr();
  36   1              OLED_SDIN_Clr();
  37   1              OLED_SDIN_Set();
  38   1              
  39   1      }
  40          
  41          void IIC_Wait_Ack()
  42          {
  43   1              OLED_SCLK_Set() ;
  44   1              OLED_SCLK_Clr();
  45   1      }
  46          
  47          /**********************************************
  48          // IIC Write byte
  49          **********************************************/
  50          void Write_IIC_Byte(unsigned char IIC_Byte)
  51          {
  52   1              unsigned char i;
  53   1              unsigned char m,da;
  54   1              da=IIC_Byte;
C51 COMPILER V9.59.0.0   OLED                                                              12/28/2023 19:04:47 PAGE 2   

  55   1              OLED_SCLK_Clr();
  56   1              for(i=0;i<8;i++)                
  57   1              {
  58   2                      m=da;
  59   2                      m=m&0x80;
  60   2                      if(m==0x80)
  61   2                      {OLED_SDIN_Set();}
  62   2                      else OLED_SDIN_Clr();
  63   2                              da=da<<1;
  64   2                      OLED_SCLK_Set();
  65   2                      OLED_SCLK_Clr();
  66   2              }
  67   1      }
  68          
  69          /**********************************************
  70          // IIC Write Command
  71          **********************************************/
  72          void Write_IIC_Command(unsigned char IIC_Command)
  73          {
  74   1         IIC_Start();
  75   1         Write_IIC_Byte(0x78);            //Slave address,SA0=0
  76   1         IIC_Wait_Ack();      
  77   1         Write_IIC_Byte(0x00);                        //write command
  78   1         IIC_Wait_Ack();      
  79   1         Write_IIC_Byte(IIC_Command); 
  80   1         IIC_Wait_Ack();      
  81   1         IIC_Stop();
  82   1      }
  83          
  84          /**********************************************
  85          // IIC Write Data
  86          **********************************************/
  87          void Write_IIC_Data(unsigned char IIC_Data)
  88          {
  89   1         IIC_Start();
  90   1         Write_IIC_Byte(0x78);                        //D/C#=0; R/W#=0
  91   1         IIC_Wait_Ack();      
  92   1         Write_IIC_Byte(0x40);                        //write data
  93   1         IIC_Wait_Ack();      
  94   1         Write_IIC_Byte(IIC_Data);
  95   1         IIC_Wait_Ack();      
  96   1         IIC_Stop();
  97   1      }
  98          
  99          void OLED_WR_Byte(unsigned dat,unsigned cmd)
 100          {
 101   1              if(cmd)
 102   1              {
 103   2                      Write_IIC_Data(dat);
 104   2          }
 105   1              else 
 106   1              {
 107   2              Write_IIC_Command(dat); 
 108   2              }
 109   1      }
 110          
 111          /********************************************
 112          // fill_Picture
 113          ********************************************/
 114          void fill_picture(unsigned char fill_Data)
 115          {
 116   1              unsigned char m,n;
C51 COMPILER V9.59.0.0   OLED                                                              12/28/2023 19:04:47 PAGE 3   

 117   1              for(m=0;m<8;m++)
 118   1              {
 119   2                      OLED_WR_Byte(0xb0+m,0);         //page0-page1
 120   2                      OLED_WR_Byte(0x02,0);           //low column start address
 121   2                      OLED_WR_Byte(0x10,0);           //high column start address
 122   2                      for(n=0;n<128;n++)
 123   2                      {
 124   3                              OLED_WR_Byte(fill_Data,1);
 125   3                      }
 126   2              }
 127   1      }
 128          
 129          
 130          /***********************Delay****************************************/
 131          void Delay_50ms(unsigned int Del_50ms)
 132          {
 133   1              unsigned int m;
 134   1              for(;Del_50ms>0;Del_50ms--)
 135   1                      for(m=6245;m>0;m--);
 136   1      }
 137          
 138          void Delay_1ms(unsigned int Del_1ms)
 139          {
 140   1              unsigned char j;
 141   1              while(Del_1ms--)
 142   1              {       
 143   2                      for(j=0;j<123;j++);
 144   2              }
 145   1      }
 146          
 147          //坐标设置
 148          void OLED_Set_Pos(unsigned char x, unsigned char y) 
 149          {       
 150   1              OLED_WR_Byte(0xb0+y,OLED_CMD);
 151   1              OLED_WR_Byte((((x+2)&0xf0)>>4)|0x10,OLED_CMD);
 152   1              OLED_WR_Byte(((x+2)&0x0f),OLED_CMD); 
 153   1      }  
 154          
 155          //开启OLED显示    
 156          void OLED_Display_On(void)
 157          {
 158   1              OLED_WR_Byte(0X8D,OLED_CMD);  //SET DCDC命令
 159   1              OLED_WR_Byte(0X14,OLED_CMD);  //DCDC ON
 160   1              OLED_WR_Byte(0XAF,OLED_CMD);  //DISPLAY ON
 161   1      }
 162          
 163          //关闭OLED显示     
 164          void OLED_Display_Off(void)
 165          {
 166   1              OLED_WR_Byte(0X8D,OLED_CMD);  //SET DCDC命令
 167   1              OLED_WR_Byte(0X10,OLED_CMD);  //DCDC OFF
 168   1              OLED_WR_Byte(0XAE,OLED_CMD);  //DISPLAY OFF
 169   1      }       
 170          
 171          //清屏函数,清完屏,整个屏幕是黑色的!和没点亮一样!!!        
 172          void OLED_Clear(void)  
 173          {  
 174   1              uint8_t i,n;                
 175   1              for(i=0;i<8;i++)  
 176   1              {  
 177   2                      OLED_WR_Byte (0xb0+i,OLED_CMD);    //设置页地址（0~7）
 178   2                      OLED_WR_Byte (0x02,OLED_CMD);      //设置显示位置―列低地址
C51 COMPILER V9.59.0.0   OLED                                                              12/28/2023 19:04:47 PAGE 4   

 179   2                      OLED_WR_Byte (0x10,OLED_CMD);      //设置显示位置―列高地址   
 180   2                      for(n=0;n<128;n++)OLED_WR_Byte(0,OLED_DATA); 
 181   2              } //更新显示
 182   1      }
 183          
 184          void OLED_On(void)  
 185          {  
 186   1              uint8_t i,n;                
 187   1              for(i=0;i<8;i++)  
 188   1              {  
 189   2                      OLED_WR_Byte (0xb0+i,OLED_CMD);    //设置页地址（0~7）
 190   2                      OLED_WR_Byte (0x02,OLED_CMD);      //设置显示位置―列低地址
 191   2                      OLED_WR_Byte (0x10,OLED_CMD);      //设置显示位置―列高地址   
 192   2                      for(n=0;n<128;n++)OLED_WR_Byte(1,OLED_DATA); 
 193   2              } //更新显示
 194   1      }
 195          
 196          //在指定位置显示一个字符,包括部分字符
 197          //x:0~127
 198          //y:0~63
 199          //mode:0,反白显示;1,正常显示                             
 200          //size:选择字体 16/12 
 201          void OLED_ShowChar(uint8_t x,uint8_t y,uint8_t chr,uint8_t Char_Size)
 202          {       
 203   1              unsigned char c=0,i=0;  
 204   1                      c=chr-' ';//得到偏移后的值                      
 205   1                      if(x>Max_Column-1){x=0;y=y+2;}
 206   1                      if(Char_Size ==16)
 207   1                      {
 208   2                              OLED_Set_Pos(x,y);      
 209   2                              for(i=0;i<8;i++)
 210   2                                      OLED_WR_Byte(F8X16[c*16+i],OLED_DATA);
 211   2                              OLED_Set_Pos(x,y+1);
 212   2                              for(i=0;i<8;i++)
 213   2                                      OLED_WR_Byte(F8X16[c*16+i+8],OLED_DATA);
 214   2                      }
 215   1                      else 
 216   1                      {       
 217   2                              OLED_Set_Pos(x,y);
 218   2                              for(i=0;i<6;i++)
 219   2                                      OLED_WR_Byte(F6x8[c][i],OLED_DATA);
 220   2                              
 221   2                      }
 222   1      }
 223          
 224          //m^n函数
 225          uint32_t oled_pow(uint8_t m,uint8_t n)
 226          {
 227   1              uint32_t result=1;       
 228   1              while(n--)result*=m;    
 229   1              return result;
 230   1      }               
 231          
 232          //显示2个数字
 233          //x,y :起点坐标  
 234          //len :数字的位数
 235          //size:字体大小
 236          //mode:模式     0,填充模式;1,叠加模式
 237          //num:数值(0~4294967295);                         
 238          void OLED_ShowNum(uint8_t x,uint8_t y,uint32_t num,uint8_t len,uint8_t size2)
 239          {               
 240   1              uint8_t t,temp;
C51 COMPILER V9.59.0.0   OLED                                                              12/28/2023 19:04:47 PAGE 5   

 241   1              uint8_t enshow=0;                                                  
 242   1              for(t=0;t<len;t++)
 243   1              {
 244   2                      temp=(num/oled_pow(10,len-t-1))%10;
 245   2                      if(enshow==0&&t<(len-1))
 246   2                      {
 247   3                              if(temp==0)
 248   3                              {
 249   4                                      OLED_ShowChar(x+(size2/2)*t,y,' ',size2);
 250   4                                      continue;
 251   4                              }else enshow=1; 
 252   3                               
 253   3                      }
 254   2                      OLED_ShowChar(x+(size2/2)*t,y,temp+'0',size2); 
 255   2              }
 256   1      } 
 257          
 258          //显示一个字符串
 259          void OLED_ShowString(uint8_t x,uint8_t y,uint8_t *chr,uint8_t Char_Size)
 260          {
 261   1              unsigned char j=0;
 262   1              while (chr[j]!='\0')
 263   1              {               
 264   2                      OLED_ShowChar(x,y,chr[j],Char_Size);
 265   2                      x+=8;
 266   2                      if(x>120){x=0;y+=2;}
 267   2                      j++;
 268   2              }
 269   1      }
 270          
 271          ////显示汉字
 272          //void OLED_ShowCHinese(uint8_t x,uint8_t y,uint8_t no)
 273          //{                                 
 274          //      uint8_t t,adder=0;
 275          //      OLED_Set_Pos(x,y);      
 276          //    for(t=0;t<16;t++)
 277          //      {
 278          //              OLED_WR_Byte(Hzk[2*no][t],OLED_DATA);
 279          //              adder+=1;
 280          //    } 
 281          //      OLED_Set_Pos(x,y+1);    
 282          //    for(t=0;t<16;t++)
 283          //      {       
 284          //              OLED_WR_Byte(Hzk[2*no+1][t],OLED_DATA);
 285          //              adder+=1;
 286          //    }                                 
 287          //}
 288          
 289          /***********功能描述：显示显示BMP图片128×64起始点坐标(x,y),x的范围0～127，y为页的范围0～7****************
             -*/
 290          void OLED_DrawBMP(unsigned char x0, unsigned char y0,unsigned char x1, unsigned char y1,unsigned char BMP[
             -])
 291          {       
 292   1              unsigned int j=0;
 293   1              unsigned char x,y;
 294   1        
 295   1              if(y1%8==0) y=y1/8;      
 296   1              else y=y1/8+1;
 297   1              for(y=y0;y<y1;y++)
 298   1              {
 299   2                      OLED_Set_Pos(x0,y);
 300   2                      for(x=x0;x<x1;x++)
C51 COMPILER V9.59.0.0   OLED                                                              12/28/2023 19:04:47 PAGE 6   

 301   2                  {      
 302   3                      OLED_WR_Byte(BMP[j++],OLED_DATA);               
 303   3                  }
 304   2              }
 305   1      } 
 306          
 307          //初始化SSD1306                                     
 308          void OLED_Init(void)
 309          {       
 310   1       
 311   1              OLED_WR_Byte(0xAE,OLED_CMD);//--display off
 312   1              OLED_WR_Byte(0x00,OLED_CMD);//---set low column address
 313   1              OLED_WR_Byte(0x10,OLED_CMD);//---set high column address
 314   1              OLED_WR_Byte(0x40,OLED_CMD);//--set start line address  
 315   1              OLED_WR_Byte(0xB0,OLED_CMD);//--set page address
 316   1              OLED_WR_Byte(0x81,OLED_CMD); // contract control
 317   1              OLED_WR_Byte(0xFF,OLED_CMD);//--128   
 318   1              OLED_WR_Byte(0xA1,OLED_CMD);//set segment remap 
 319   1              OLED_WR_Byte(0xA6,OLED_CMD);//--normal / reverse
 320   1              OLED_WR_Byte(0xA8,OLED_CMD);//--set multiplex ratio(1 to 64)
 321   1              OLED_WR_Byte(0x3F,OLED_CMD);//--1/32 duty
 322   1              OLED_WR_Byte(0xC8,OLED_CMD);//Com scan direction
 323   1              OLED_WR_Byte(0xD3,OLED_CMD);//-set display offset
 324   1              OLED_WR_Byte(0x00,OLED_CMD);//
 325   1              
 326   1              OLED_WR_Byte(0xD5,OLED_CMD);//set osc division
 327   1              OLED_WR_Byte(0x80,OLED_CMD);//
 328   1              
 329   1              OLED_WR_Byte(0xD8,OLED_CMD);//set area color mode off
 330   1              OLED_WR_Byte(0x05,OLED_CMD);//
 331   1              
 332   1              OLED_WR_Byte(0xD9,OLED_CMD);//Set Pre-Charge Period
 333   1              OLED_WR_Byte(0xF1,OLED_CMD);//
 334   1              
 335   1              OLED_WR_Byte(0xDA,OLED_CMD);//set com pin configuartion
 336   1              OLED_WR_Byte(0x12,OLED_CMD);//
 337   1              
 338   1              OLED_WR_Byte(0xDB,OLED_CMD);//set Vcomh
 339   1              OLED_WR_Byte(0x30,OLED_CMD);//
 340   1              
 341   1              OLED_WR_Byte(0x8D,OLED_CMD);//set charge pump enable
 342   1              OLED_WR_Byte(0x14,OLED_CMD);//
 343   1              
 344   1              OLED_WR_Byte(0xAF,OLED_CMD);//--turn on oled panel
 345   1      }  


MODULE INFORMATION:   STATIC OVERLAYABLE
   CODE SIZE        =   1411    ----
   CONSTANT SIZE    =   2072    ----
   XDATA SIZE       =   ----      37
   PDATA SIZE       =   ----    ----
   DATA SIZE        =   ----    ----
   IDATA SIZE       =   ----    ----
   BIT SIZE         =   ----    ----
END OF MODULE INFORMATION.


C51 COMPILATION COMPLETE.  0 WARNING(S),  0 ERROR(S)
