C51 COMPILER V9.59.0.0   XPT2046                                                           12/26/2023 20:08:27 PAGE 1   


C51 COMPILER V9.59.0.0, COMPILATION OF MODULE XPT2046
OBJECT MODULE PLACED IN .\Objects\XPT2046.obj
COMPILER INVOKED BY: D:\Keil_v5\C51\BIN\C51.EXE XPT2046.c LARGE OPTIMIZE(8,SPEED) BROWSE DEBUG OBJECTEXTEND PRINT(.\List
                    -ings\XPT2046.lst) OBJECT(.\Objects\XPT2046.obj)

line level    source

   1          #include <REGX51.H>
   2          #include "delay.h"
   3           
   4          sbit XPT2046_CS = P3^5;
   5          sbit XPT2046_DCLK = P3^6;
   6          sbit XPT2046_DIN = P3^4;
   7          sbit XPT2046_DOUT = P3^7;
   8          
   9          /**
  10            * @brief  读取电压经A/D转换后的值
  11            * @param  Command:命令字，读取哪个类型
  12            * @retval ADValue：读取的值
  13            */
  14          unsigned int XPT2046_ReadAD (unsigned char Command)
  15          {
  16   1              unsigned int ADValue=0;
  17   1              unsigned char i;
  18   1              XPT2046_DCLK=0;
  19   1              XPT2046_CS=0;
  20   1              //写入命令字
  21   1              for(i=0;i<8;i++)
  22   1              {
  23   2                      XPT2046_DIN=Command&(0x80>>i);
  24   2                      XPT2046_DCLK=1;
  25   2                      XPT2046_DCLK=0;
  26   2              }
  27   1              //读取数据
  28   1              for(i=0;i<16;i++)
  29   1              {
  30   2                      XPT2046_DCLK=1;
  31   2                      XPT2046_DCLK=0;
  32   2                      if(XPT2046_DOUT)ADValue|=(0x8000>>i);
  33   2              }
  34   1              XPT2046_CS=1;
  35   1              if(Command&0x08)
  36   1              {
  37   2                      return ADValue>>8;//8位分辨率，前8位有用，后八位为0；数值被放大了2^8倍，故需要右移才能显示真实数值0^255
  38   2              }
  39   1              else
  40   1              {
  41   2                      return ADValue>>4;
  42   2              }
  43   1      }


MODULE INFORMATION:   STATIC OVERLAYABLE
   CODE SIZE        =    137    ----
   CONSTANT SIZE    =   ----    ----
   XDATA SIZE       =   ----       2
   PDATA SIZE       =   ----    ----
   DATA SIZE        =   ----    ----
   IDATA SIZE       =   ----    ----
   BIT SIZE         =   ----    ----
END OF MODULE INFORMATION.

C51 COMPILER V9.59.0.0   XPT2046                                                           12/26/2023 20:08:27 PAGE 2   


C51 COMPILATION COMPLETE.  0 WARNING(S),  0 ERROR(S)
