C51 COMPILER V9.59.0.0   MAIN                                                              04/25/2023 19:33:16 PAGE 1   


C51 COMPILER V9.59.0.0, COMPILATION OF MODULE MAIN
OBJECT MODULE PLACED IN .\Objects\main.obj
COMPILER INVOKED BY: D:\Keil_v5\C51\BIN\C51.EXE main.c OPTIMIZE(8,SPEED) BROWSE DEBUG OBJECTEXTEND PRINT(.\Listings\main
                    -.lst) OBJECT(.\Objects\main.obj)

line level    source

   1          #include <REGX51.H>
   2          #include "LCD1602.h"
   3          #include "delay.h"
   4          #include "IR.h"
   5          
   6          
   7          unsigned int Time;
   8          unsigned char Command;
   9          unsigned char Address;
  10          unsigned char Num;
  11          
  12          void main ()
  13          {
  14   1              LCD_Init();
  15   1              IR_Init(); 
  16   1              LCD_ShowString(1,1,"ADD COM Num");
  17   1              LCD_ShowString(2,1,"00  00  00 ");
  18   1          while(1)
  19   1              {
  20   2                      if(IR_GetDataFlag()||IR_GetRepeatFlag())
  21   2                      {
  22   3                              Address=IR_GetAddress();
  23   3                              Command=IR_GetCommand();
  24   3                              
  25   3                              LCD_ShowHexNum(2,1,Address,2);
  26   3                              LCD_ShowHexNum(2,5,Command,2);  
  27   3                              if(Command==IR_2)
  28   3                              {
  29   4                                      Num++;
  30   4                              }
  31   3                              else if(Command==IR_VOL_MINUS)
  32   3                              {
  33   4                                      Num--;
  34   4                              }
  35   3                              LCD_ShowNum(2,9,Num,3);
  36   3                      }
  37   2              }
  38   1      }
  39          
  40           


MODULE INFORMATION:   STATIC OVERLAYABLE
   CODE SIZE        =    122    ----
   CONSTANT SIZE    =     24    ----
   XDATA SIZE       =   ----    ----
   PDATA SIZE       =   ----    ----
   DATA SIZE        =      5    ----
   IDATA SIZE       =   ----    ----
   BIT SIZE         =   ----    ----
END OF MODULE INFORMATION.


C51 COMPILATION COMPLETE.  0 WARNING(S),  0 ERROR(S)
