C51 COMPILER V9.59.0.0   MAIN                                                              04/16/2023 11:08:37 PAGE 1   


C51 COMPILER V9.59.0.0, COMPILATION OF MODULE MAIN
OBJECT MODULE PLACED IN .\Objects\main.obj
COMPILER INVOKED BY: D:\Keil_v5\C51\BIN\C51.EXE main.c OPTIMIZE(8,SPEED) BROWSE DEBUG OBJECTEXTEND PRINT(.\Listings\main
                    -.lst) OBJECT(.\Objects\main.obj)

line level    source

   1          #include <REGX51.H>
   2          
   3          
   4          sbit LED =P2^1;
   5          
   6          
   7          void delay(unsigned char i)
   8          {
   9   1              while(i--);
  10   1      }
  11          
  12          
  13          
  14          void main ()
  15          {
  16   1              unsigned char Time,i;
  17   1          while(1)
  18   1              {
  19   2                      for(Time=0;Time<100;Time++)
  20   2                      {
  21   3                              for(i=0;i<20;i++)
  22   3                              {
  23   4                                      LED=0;
  24   4                                      delay(Time);
  25   4                                      LED=1;
  26   4                                      delay(100-Time);
  27   4                              }
  28   3                      }
  29   2                      
  30   2                      for(Time=100;Time>0;Time--)
  31   2                      {
  32   3                              for(i=0;i<20;i++)
  33   3                              {
  34   4                                      LED=0;
  35   4                                      delay(Time);
  36   4                                      LED=1;
  37   4                                      delay(100-Time);
  38   4                              }
  39   3                      }
  40   2              }
  41   1      }
  42          


MODULE INFORMATION:   STATIC OVERLAYABLE
   CODE SIZE        =     87    ----
   CONSTANT SIZE    =   ----    ----
   XDATA SIZE       =   ----    ----
   PDATA SIZE       =   ----    ----
   DATA SIZE        =   ----    ----
   IDATA SIZE       =   ----    ----
   BIT SIZE         =   ----    ----
END OF MODULE INFORMATION.


C51 COMPILATION COMPLETE.  0 WARNING(S),  0 ERROR(S)
