C51 COMPILER V9.59.0.0   MAIN                                                              02/08/2024 17:54:52 PAGE 1   


C51 COMPILER V9.59.0.0, COMPILATION OF MODULE MAIN
OBJECT MODULE PLACED IN .\Objects\main.obj
COMPILER INVOKED BY: D:\Keil_v5\C51\BIN\C51.EXE main.c OPTIMIZE(8,SPEED) BROWSE DEBUG OBJECTEXTEND PRINT(.\Listings\main
                    -.lst) OBJECT(.\Objects\main.obj)

line level    source

   1          #include <REGX51.H>
   2          #include "LCD1602.h"
   3          #include "delay.h"
   4          void main()
   5          {
   6   1              int result;
   7   1              LCD_Init();
   8   1              while(1)
   9   1              {
  10   2                      result++;
  11   2                      LCD_ShowNum(1,1,result,4);
  12   2                      delay(200);
  13   2              }
  14   1      //      LCD_ShowChar(1,1,'B');
  15   1      //      LCD_ShowString(1,2,"hello");
  16   1      //      LCD_ShowNum(1,7,123,2);       //位数从后往前读
  17   1      //      LCD_ShowHexNum(1,9,0x7d,2);
  18   1      //      LCD_ShowBinNum(2,1,0x01,8);   //输入十六进制，输出二进制
  19   1      }


MODULE INFORMATION:   STATIC OVERLAYABLE
   CODE SIZE        =     33    ----
   CONSTANT SIZE    =   ----    ----
   XDATA SIZE       =   ----    ----
   PDATA SIZE       =   ----    ----
   DATA SIZE        =   ----       2
   IDATA SIZE       =   ----    ----
   BIT SIZE         =   ----    ----
END OF MODULE INFORMATION.


C51 COMPILATION COMPLETE.  0 WARNING(S),  0 ERROR(S)
