C51 COMPILER V9.59.0.0   MAIN                                                              01/19/2024 21:10:15 PAGE 1   


C51 COMPILER V9.59.0.0, COMPILATION OF MODULE MAIN
OBJECT MODULE PLACED IN .\Objects\main.obj
COMPILER INVOKED BY: D:\Keil_v5\C51\BIN\C51.EXE main.c OPTIMIZE(8,SPEED) BROWSE DEBUG OBJECTEXTEND PRINT(.\Listings\main
                    -.lst) OBJECT(.\Objects\main.obj)

line level    source

   1          #include <REGX51.H>
   2          #include "DS1302.h"
   3          #include "LCD1602.h"
   4          #include "Servo.h"
   5          #include "Timer0_Init.h"
   6          
   7          unsigned char DS1302_Time[]={24, 1, 19, 21, 15, 00, 5};
   8          unsigned char JudgeDateTime = 20;
   9          
  10          void main ()
  11          {
  12   1              LCD_Init();
  13   1              DS1302_Init();
  14   1              Timer0_Init();
  15   1              
  16   1              LCD_ShowString(1,1,"  -  -  ");
  17   1              LCD_ShowString(2,1,"  :  :  ");
  18   1              LCD_ShowString(2,10,"J:");
  19   1              
  20   1              DS1302_SetTime();
  21   1              while (1)
  22   1              {
  23   2                      DS1302_ReadTime();
  24   2                      LCD_ShowNum(1,1,DS1302_Time[0],2);   //显示年
  25   2                      LCD_ShowNum(1,4,DS1302_Time[1],2);   //显示月
  26   2                      LCD_ShowNum(1,7,DS1302_Time[2],2);   //显示日
  27   2                      LCD_ShowNum(2,1,DS1302_Time[3],2);   //显示时
  28   2                      LCD_ShowNum(2,4,DS1302_Time[4],2);   //显示分
  29   2                      LCD_ShowNum(2,7,DS1302_Time[5],2);   //显示秒
  30   2                      LCD_ShowNum(1,10,DS1302_Time[6],1);  //显示星期
  31   2                      
  32   2                      if(DS1302_Time[2] == JudgeDateTime)
  33   2                      {
  34   3                              JudgeDateTime += 1;
  35   3                              if(JudgeDateTime == 32)JudgeDateTime = 1;
  36   3                              if(DS1302_Time[2] % 2 == 1)
  37   3                              {
  38   4                                      contral_0();
  39   4                                      contral_4();
  40   4                                      LCD_ShowString(1, 15, "OK");
  41   4                              }
  42   3                              else if(DS1302_Time[2] % 2 == 0)
  43   3                              {
  44   4                                      contral_0();
  45   4                                      contral_4();
  46   4                                      LCD_ShowString(1, 15, "  ");
  47   4                              }
  48   3                              LCD_ShowNum(2, 12, JudgeDateTime, 2);
  49   3                              LCD_ShowNum(1, 12, DS1302_Time[2], 2);
  50   3                      }
  51   2              }
  52   1      }
  53           

C51 COMPILER V9.59.0.0   MAIN                                                              01/19/2024 21:10:15 PAGE 2   


MODULE INFORMATION:   STATIC OVERLAYABLE
   CODE SIZE        =    255    ----
   CONSTANT SIZE    =     27    ----
   XDATA SIZE       =   ----    ----
   PDATA SIZE       =   ----    ----
   DATA SIZE        =      8    ----
   IDATA SIZE       =   ----    ----
   BIT SIZE         =   ----    ----
END OF MODULE INFORMATION.


C51 COMPILATION COMPLETE.  0 WARNING(S),  0 ERROR(S)
