C51 COMPILER V9.59.0.0   DELAY                                                             04/15/2023 20:43:35 PAGE 1   


C51 COMPILER V9.59.0.0, COMPILATION OF MODULE DELAY
OBJECT MODULE PLACED IN .\Objects\delay.obj
COMPILER INVOKED BY: D:\Keil_v5\C51\BIN\C51.EXE ..\10-2 DS1302¿Éµ÷Ê±ÖÓ\delay.c OPTIMIZE(8,SPEED) BROWSE DEBUG OBJECTEXTE
                    -ND PRINT(.\Listings\delay.lst) OBJECT(.\Objects\delay.obj)

line level    source

   1          #include <INTRINS.H>
   2          void delay(unsigned int xms)
   3          {
   4   1              while(xms--)
   5   1              {
   6   2                      unsigned char i, j;
   7   2      
   8   2                      _nop_();
   9   2                      _nop_();
  10   2                      _nop_();
  11   2                      i = 11;
  12   2                      j = 190;
  13   2                      do
  14   2                      {
  15   3                              while (--j);
  16   3                      } while (--i);
  17   2              }
  18   1      }


MODULE INFORMATION:   STATIC OVERLAYABLE
   CODE SIZE        =     28    ----
   CONSTANT SIZE    =   ----    ----
   XDATA SIZE       =   ----    ----
   PDATA SIZE       =   ----    ----
   DATA SIZE        =   ----       2
   IDATA SIZE       =   ----    ----
   BIT SIZE         =   ----    ----
END OF MODULE INFORMATION.


C51 COMPILATION COMPLETE.  0 WARNING(S),  0 ERROR(S)
