C51 COMPILER V9.59.0.0   MAIN                                                              04/15/2023 21:24:53 PAGE 1   


C51 COMPILER V9.59.0.0, COMPILATION OF MODULE MAIN
OBJECT MODULE PLACED IN .\Objects\main.obj
COMPILER INVOKED BY: D:\Keil_v5\C51\BIN\C51.EXE main.c OPTIMIZE(8,SPEED) BROWSE DEBUG OBJECTEXTEND PRINT(.\Listings\main
                    -.lst) OBJECT(.\Objects\main.obj)

line level    source

   1          #include <REGX51.H>
   2          #include "LCD1602.h"
   3          #include "delay.h"
   4          
   5          
   6          void main ()
   7          {
   8   1              LCD_Init();
   9   1              LCD_ShowChar(1,1,'\\');    //显示中文钱符号，本质是反斜杠的码值在字模对照表中对应了‘钱’
  10   1              LCD_ShowChar(1,2,0x7e);    //字模对照表将一些常用的符号替换了原来的码值对照表，这里本来显示~，现在显示->
  11   1              LCD_ShowString(1,16,"asdhertyuadfdgf");
  12   1              LCD_ShowNum(1,5,234,3);
  13   1              LCD_ShowSignedNum(2,1,234,3);
  14   1              LCD_ShowHexNum(2,5,0x8e,2);
  15   1              LCD_ShowBinNum(2,8,0x8e,8);
  16   1              
  17   1          while(1)
  18   1              {
  19   2                      LCD_WriteCommand(0x18);//向左移屏
  20   2                      delay(200);            //保持显示
  21   2              }
  22   1      }
  23          


MODULE INFORMATION:   STATIC OVERLAYABLE
   CODE SIZE        =    104    ----
   CONSTANT SIZE    =     16    ----
   XDATA SIZE       =   ----    ----
   PDATA SIZE       =   ----    ----
   DATA SIZE        =   ----    ----
   IDATA SIZE       =   ----    ----
   BIT SIZE         =   ----    ----
END OF MODULE INFORMATION.


C51 COMPILATION COMPLETE.  0 WARNING(S),  0 ERROR(S)
