C51 COMPILER V9.59.0.0   MAIN                                                              03/17/2024 17:59:54 PAGE 1   


C51 COMPILER V9.59.0.0, COMPILATION OF MODULE MAIN
OBJECT MODULE PLACED IN .\Objects\main.obj
COMPILER INVOKED BY: D:\Keil_v5\C51\BIN\C51.EXE main.c OPTIMIZE(8,SPEED) BROWSE DEBUG OBJECTEXTEND PRINT(.\Listings\main
                    -.lst) OBJECT(.\Objects\main.obj)

line level    source

   1          #include <REGX51.H>
   2          #include "delay.h"
   3          #include "UART.h"
   4          
   5          uchar a;
   6          
   7          void main ()               //波特率越低越稳定
   8          {
   9   1              UART_Init();
  10   1          while(1)               // 只能传输十六进制数
  11   1              {
  12   2      //              UART_SendByte(a);  
  13   2                      UART_SendByte(0x66);
  14   2                      a++;
  15   2                  delay(100);        //延时函数可以让数据无需复位就呈现正确值
  16   2              }               
  17   1              while(1);              //卡住程序，防止重新运行，很重要的一步
  18   1      }
  19          


MODULE INFORMATION:   STATIC OVERLAYABLE
   CODE SIZE        =     19    ----
   CONSTANT SIZE    =   ----    ----
   XDATA SIZE       =   ----    ----
   PDATA SIZE       =   ----    ----
   DATA SIZE        =      1    ----
   IDATA SIZE       =   ----    ----
   BIT SIZE         =   ----    ----
END OF MODULE INFORMATION.


C51 COMPILATION COMPLETE.  0 WARNING(S),  0 ERROR(S)
