C51 COMPILER V9.59.0.0   DELAY                                                             04/23/2023 11:59:53 PAGE 1   


C51 COMPILER V9.59.0.0, COMPILATION OF MODULE DELAY
OBJECT MODULE PLACED IN .\Objects\delay.obj
COMPILER INVOKED BY: D:\Keil_v5\C51\BIN\C51.EXE delay.c OPTIMIZE(8,SPEED) BROWSE DEBUG OBJECTEXTEND PRINT(.\Listings\del
                    -ay.lst) OBJECT(.\Objects\delay.obj)

line level    source

   1          #include <REGX51.H>
   2          #include <intrins.h>
   3          void delay(unsigned int xms)            //@11.0592MHz
   4          {
   5   1              while(xms--)
   6   1              {
   7   2                      unsigned char i, j;
   8   2      
   9   2              _nop_();
  10   2              _nop_();
  11   2              i = 2;
  12   2              j = 15;
  13   2              do
  14   2              {
  15   3                      while (--j);
  16   3              } while (--i);
  17   2              }
  18   1              
  19   1      }


MODULE INFORMATION:   STATIC OVERLAYABLE
   CODE SIZE        =     27    ----
   CONSTANT SIZE    =   ----    ----
   XDATA SIZE       =   ----    ----
   PDATA SIZE       =   ----    ----
   DATA SIZE        =   ----       2
   IDATA SIZE       =   ----    ----
   BIT SIZE         =   ----    ----
END OF MODULE INFORMATION.


C51 COMPILATION COMPLETE.  0 WARNING(S),  0 ERROR(S)
